{
  "/workspace/octokit/conta/routes/lib/endpoint/get.js": {
    "path": "/workspace/octokit/conta/routes/lib/endpoint/get.js",
    "statementMap": {
      "0": {
        "start": { "line": 1, "column": 0 },
        "end": { "line": 1, "column": 29 }
      },
      "1": {
        "start": { "line": 3, "column": 23 },
        "end": { "line": 3, "column": 36 }
      },
      "2": {
        "start": { "line": 4, "column": 27 },
        "end": { "line": 4, "column": 42 }
      },
      "3": {
        "start": { "line": 5, "column": 16 },
        "end": { "line": 5, "column": 30 }
      },
      "4": {
        "start": { "line": 7, "column": 16 },
        "end": { "line": 7, "column": 34 }
      },
      "5": {
        "start": { "line": 9, "column": 16 },
        "end": { "line": 9, "column": 38 }
      },
      "6": {
        "start": { "line": 10, "column": 19 },
        "end": { "line": 10, "column": 44 }
      },
      "7": {
        "start": { "line": 11, "column": 15 },
        "end": { "line": 11, "column": 43 }
      },
      "8": {
        "start": { "line": 14, "column": 24 },
        "end": { "line": 14, "column": 38 }
      },
      "9": {
        "start": { "line": 15, "column": 33 },
        "end": { "line": 15, "column": 45 }
      },
      "10": {
        "start": { "line": 18, "column": 28 },
        "end": { "line": 24, "column": 3 }
      },
      "11": {
        "start": { "line": 26, "column": 2 },
        "end": { "line": 30, "column": 3 }
      },
      "12": {
        "start": { "line": 27, "column": 4 },
        "end": { "line": 29, "column": 6 }
      },
      "13": {
        "start": { "line": 32, "column": 27 },
        "end": { "line": 32, "column": 77 }
      },
      "14": {
        "start": { "line": 32, "column": 60 },
        "end": { "line": 32, "column": 76 }
      },
      "15": {
        "start": { "line": 34, "column": 27 },
        "end": { "line": 34, "column": 50 }
      },
      "16": {
        "start": { "line": 37, "column": 2 },
        "end": { "line": 51, "column": 3 }
      },
      "17": {
        "start": { "line": 38, "column": 19 },
        "end": { "line": 38, "column": 44 }
      },
      "18": {
        "start": { "line": 39, "column": 4 },
        "end": { "line": 49, "column": 5 }
      },
      "19": {
        "start": { "line": 40, "column": 6 },
        "end": { "line": 48, "column": 9 }
      },
      "20": {
        "start": { "line": 42, "column": 8 },
        "end": { "line": 45, "column": 10 }
      },
      "21": {
        "start": { "line": 46, "column": 8 },
        "end": { "line": 46, "column": 47 }
      },
      "22": {
        "start": { "line": 47, "column": 8 },
        "end": { "line": 47, "column": 54 }
      },
      "23": {
        "start": { "line": 50, "column": 4 },
        "end": { "line": 50, "column": 18 }
      },
      "24": {
        "start": { "line": 53, "column": 2 },
        "end": { "line": 70, "column": 3 }
      },
      "25": {
        "start": { "line": 54, "column": 4 },
        "end": { "line": 54, "column": 60 }
      },
      "26": {
        "start": { "line": 56, "column": 21 },
        "end": { "line": 56, "column": 50 }
      },
      "27": {
        "start": { "line": 57, "column": 14 },
        "end": { "line": 57, "column": 36 }
      },
      "28": {
        "start": { "line": 58, "column": 19 },
        "end": { "line": 58, "column": 48 }
      },
      "29": {
        "start": { "line": 60, "column": 4 },
        "end": { "line": 67, "column": 20 }
      },
      "30": {
        "start": { "line": 65, "column": 24 },
        "end": { "line": 65, "column": 34 }
      },
      "31": {
        "start": { "line": 69, "column": 4 },
        "end": { "line": 69, "column": 64 }
      },
      "32": {
        "start": { "line": 72, "column": 20 },
        "end": { "line": 74, "column": 32 }
      },
      "33": {
        "start": { "line": 75, "column": 17 },
        "end": { "line": 80, "column": 4 }
      },
      "34": {
        "start": { "line": 81, "column": 2 },
        "end": { "line": 81, "column": 16 }
      }
    },
    "fnMap": {
      "0": {
        "name": "getEndpoint",
        "decl": {
          "start": { "line": 13, "column": 15 },
          "end": { "line": 13, "column": 26 }
        },
        "loc": {
          "start": { "line": 13, "column": 39 },
          "end": { "line": 82, "column": 1 }
        },
        "line": 13
      },
      "1": {
        "name": "(anonymous_1)",
        "decl": {
          "start": { "line": 32, "column": 50 },
          "end": { "line": 32, "column": 51 }
        },
        "loc": {
          "start": { "line": 32, "column": 60 },
          "end": { "line": 32, "column": 76 }
        },
        "line": 32
      },
      "2": {
        "name": "(anonymous_2)",
        "decl": {
          "start": { "line": 40, "column": 21 },
          "end": { "line": 40, "column": 22 }
        },
        "loc": {
          "start": { "line": 40, "column": 32 },
          "end": { "line": 48, "column": 7 }
        },
        "line": 40
      },
      "3": {
        "name": "(anonymous_3)",
        "decl": {
          "start": { "line": 65, "column": 13 },
          "end": { "line": 65, "column": 14 }
        },
        "loc": {
          "start": { "line": 65, "column": 24 },
          "end": { "line": 65, "column": 34 }
        },
        "line": 65
      }
    },
    "branchMap": {
      "0": {
        "loc": {
          "start": { "line": 26, "column": 2 },
          "end": { "line": 30, "column": 3 }
        },
        "type": "if",
        "locations": [
          {
            "start": { "line": 26, "column": 2 },
            "end": { "line": 30, "column": 3 }
          },
          {
            "start": { "line": 26, "column": 2 },
            "end": { "line": 30, "column": 3 }
          }
        ],
        "line": 26
      },
      "1": {
        "loc": {
          "start": { "line": 37, "column": 2 },
          "end": { "line": 51, "column": 3 }
        },
        "type": "if",
        "locations": [
          {
            "start": { "line": 37, "column": 2 },
            "end": { "line": 51, "column": 3 }
          },
          {
            "start": { "line": 37, "column": 2 },
            "end": { "line": 51, "column": 3 }
          }
        ],
        "line": 37
      },
      "2": {
        "loc": {
          "start": { "line": 39, "column": 4 },
          "end": { "line": 49, "column": 5 }
        },
        "type": "if",
        "locations": [
          {
            "start": { "line": 39, "column": 4 },
            "end": { "line": 49, "column": 5 }
          },
          {
            "start": { "line": 39, "column": 4 },
            "end": { "line": 49, "column": 5 }
          }
        ],
        "line": 39
      },
      "3": {
        "loc": {
          "start": { "line": 53, "column": 2 },
          "end": { "line": 70, "column": 3 }
        },
        "type": "if",
        "locations": [
          {
            "start": { "line": 53, "column": 2 },
            "end": { "line": 70, "column": 3 }
          },
          {
            "start": { "line": 53, "column": 2 },
            "end": { "line": 70, "column": 3 }
          }
        ],
        "line": 53
      },
      "4": {
        "loc": {
          "start": { "line": 53, "column": 6 },
          "end": { "line": 53, "column": 66 }
        },
        "type": "binary-expr",
        "locations": [
          {
            "start": { "line": 53, "column": 6 },
            "end": { "line": 53, "column": 18 }
          },
          {
            "start": { "line": 53, "column": 23 },
            "end": { "line": 53, "column": 65 }
          }
        ],
        "line": 53
      }
    },
    "s": {
      "0": 1,
      "1": 1,
      "2": 1,
      "3": 1,
      "4": 1,
      "5": 1,
      "6": 1,
      "7": 1,
      "8": 0,
      "9": 0,
      "10": 0,
      "11": 0,
      "12": 0,
      "13": 0,
      "14": 0,
      "15": 0,
      "16": 0,
      "17": 0,
      "18": 0,
      "19": 0,
      "20": 0,
      "21": 0,
      "22": 0,
      "23": 0,
      "24": 0,
      "25": 0,
      "26": 0,
      "27": 0,
      "28": 0,
      "29": 0,
      "30": 0,
      "31": 0,
      "32": 0,
      "33": 0,
      "34": 0
    },
    "f": { "0": 0, "1": 0, "2": 0, "3": 0 },
    "b": { "0": [0, 0], "1": [0, 0], "2": [0, 0], "3": [0, 0], "4": [0, 0] },
    "_coverageSchema": "43e27e138ebf9cfc5966b082cf9a028302ed4184",
    "hash": "b6e56a6bc6be14dcc282e271cfd8a9192663d58a",
    "contentHash": "fd4f6d84d784d3e02cd8dd68881c8e9fdde174bf0745e1e8676403f9dc86934e"
  },
  "/workspace/octokit/conta/routes/lib/get-html.js": {
    "path": "/workspace/octokit/conta/routes/lib/get-html.js",
    "statementMap": {
      "0": {
        "start": { "line": 1, "column": 0 },
        "end": { "line": 1, "column": 25 }
      },
      "1": {
        "start": { "line": 3, "column": 16 },
        "end": { "line": 3, "column": 30 }
      },
      "2": {
        "start": { "line": 4, "column": 14 },
        "end": { "line": 4, "column": 35 }
      },
      "3": {
        "start": { "line": 7, "column": 24 },
        "end": { "line": 7, "column": 61 }
      },
      "4": {
        "start": { "line": 8, "column": 23 },
        "end": { "line": 8, "column": 45 }
      },
      "5": {
        "start": { "line": 10, "column": 2 },
        "end": { "line": 12, "column": 3 }
      },
      "6": {
        "start": { "line": 11, "column": 4 },
        "end": { "line": 11, "column": 24 }
      },
      "7": {
        "start": { "line": 14, "column": 2 },
        "end": { "line": 17, "column": 3 }
      },
      "8": {
        "start": { "line": 15, "column": 4 },
        "end": { "line": 15, "column": 61 }
      },
      "9": {
        "start": { "line": 16, "column": 4 },
        "end": { "line": 16, "column": 34 }
      },
      "10": {
        "start": { "line": 19, "column": 2 },
        "end": { "line": 19, "column": 36 }
      },
      "11": {
        "start": { "line": 22, "column": 2 },
        "end": { "line": 22, "column": 60 }
      },
      "12": {
        "start": { "line": 22, "column": 33 },
        "end": { "line": 22, "column": 58 }
      },
      "13": {
        "start": { "line": 24, "column": 15 },
        "end": { "line": 24, "column": 46 }
      },
      "14": {
        "start": { "line": 26, "column": 2 },
        "end": { "line": 40, "column": 3 }
      },
      "15": {
        "start": { "line": 27, "column": 4 },
        "end": { "line": 27, "column": 17 }
      },
      "16": {
        "start": { "line": 29, "column": 4 },
        "end": { "line": 33, "column": 5 }
      },
      "17": {
        "start": { "line": 30, "column": 6 },
        "end": { "line": 32, "column": 8 }
      },
      "18": {
        "start": { "line": 35, "column": 4 },
        "end": { "line": 37, "column": 6 }
      },
      "19": {
        "start": { "line": 38, "column": 4 },
        "end": { "line": 38, "column": 75 }
      },
      "20": {
        "start": { "line": 38, "column": 35 },
        "end": { "line": 38, "column": 73 }
      },
      "21": {
        "start": { "line": 39, "column": 4 },
        "end": { "line": 39, "column": 43 }
      },
      "22": {
        "start": { "line": 42, "column": 2 },
        "end": { "line": 42, "column": 51 }
      },
      "23": {
        "start": { "line": 43, "column": 2 },
        "end": { "line": 43, "column": 32 }
      },
      "24": {
        "start": { "line": 44, "column": 2 },
        "end": { "line": 44, "column": 14 }
      }
    },
    "fnMap": {
      "0": {
        "name": "getHtml",
        "decl": {
          "start": { "line": 6, "column": 15 },
          "end": { "line": 6, "column": 22 }
        },
        "loc": {
          "start": { "line": 6, "column": 51 },
          "end": { "line": 45, "column": 1 }
        },
        "line": 6
      },
      "1": {
        "name": "(anonymous_1)",
        "decl": {
          "start": { "line": 22, "column": 20 },
          "end": { "line": 22, "column": 21 }
        },
        "loc": {
          "start": { "line": 22, "column": 33 },
          "end": { "line": 22, "column": 58 }
        },
        "line": 22
      },
      "2": {
        "name": "(anonymous_2)",
        "decl": {
          "start": { "line": 38, "column": 22 },
          "end": { "line": 38, "column": 23 }
        },
        "loc": {
          "start": { "line": 38, "column": 35 },
          "end": { "line": 38, "column": 73 }
        },
        "line": 38
      }
    },
    "branchMap": {
      "0": {
        "loc": {
          "start": { "line": 6, "column": 35 },
          "end": { "line": 6, "column": 49 }
        },
        "type": "default-arg",
        "locations": [
          {
            "start": { "line": 6, "column": 48 },
            "end": { "line": 6, "column": 49 }
          }
        ],
        "line": 6
      },
      "1": {
        "loc": {
          "start": { "line": 10, "column": 2 },
          "end": { "line": 12, "column": 3 }
        },
        "type": "if",
        "locations": [
          {
            "start": { "line": 10, "column": 2 },
            "end": { "line": 12, "column": 3 }
          },
          {
            "start": { "line": 10, "column": 2 },
            "end": { "line": 12, "column": 3 }
          }
        ],
        "line": 10
      },
      "2": {
        "loc": {
          "start": { "line": 14, "column": 2 },
          "end": { "line": 17, "column": 3 }
        },
        "type": "if",
        "locations": [
          {
            "start": { "line": 14, "column": 2 },
            "end": { "line": 17, "column": 3 }
          },
          {
            "start": { "line": 14, "column": 2 },
            "end": { "line": 17, "column": 3 }
          }
        ],
        "line": 14
      },
      "3": {
        "loc": {
          "start": { "line": 14, "column": 6 },
          "end": { "line": 14, "column": 63 }
        },
        "type": "binary-expr",
        "locations": [
          {
            "start": { "line": 14, "column": 6 },
            "end": { "line": 14, "column": 18 }
          },
          {
            "start": { "line": 14, "column": 23 },
            "end": { "line": 14, "column": 62 }
          }
        ],
        "line": 14
      },
      "4": {
        "loc": {
          "start": { "line": 26, "column": 2 },
          "end": { "line": 40, "column": 3 }
        },
        "type": "if",
        "locations": [
          {
            "start": { "line": 26, "column": 2 },
            "end": { "line": 40, "column": 3 }
          },
          {
            "start": { "line": 26, "column": 2 },
            "end": { "line": 40, "column": 3 }
          }
        ],
        "line": 26
      },
      "5": {
        "loc": {
          "start": { "line": 29, "column": 4 },
          "end": { "line": 33, "column": 5 }
        },
        "type": "if",
        "locations": [
          {
            "start": { "line": 29, "column": 4 },
            "end": { "line": 33, "column": 5 }
          },
          {
            "start": { "line": 29, "column": 4 },
            "end": { "line": 33, "column": 5 }
          }
        ],
        "line": 29
      }
    },
    "s": {
      "0": 1,
      "1": 1,
      "2": 1,
      "3": 0,
      "4": 0,
      "5": 0,
      "6": 0,
      "7": 0,
      "8": 0,
      "9": 0,
      "10": 0,
      "11": 0,
      "12": 0,
      "13": 0,
      "14": 0,
      "15": 0,
      "16": 0,
      "17": 0,
      "18": 0,
      "19": 0,
      "20": 0,
      "21": 0,
      "22": 0,
      "23": 0,
      "24": 0
    },
    "f": { "0": 0, "1": 0, "2": 0 },
    "b": {
      "0": [0],
      "1": [0, 0],
      "2": [0, 0],
      "3": [0, 0],
      "4": [0, 0],
      "5": [0, 0]
    },
    "_coverageSchema": "43e27e138ebf9cfc5966b082cf9a028302ed4184",
    "hash": "7aadc854c3cad1b81599920c8fb387af4539ea8e",
    "contentHash": "cf5d934cc305936a61b0966f2cffd8969fb8b73318808dfd8e76d495f1e7c0f9"
  },
  "/workspace/octokit/conta/routes/lib/endpoint/html-to-json.js": {
    "path": "/workspace/octokit/conta/routes/lib/endpoint/html-to-json.js",
    "statementMap": {
      "0": {
        "start": { "line": 1, "column": 0 },
        "end": { "line": 1, "column": 28 }
      },
      "1": {
        "start": { "line": 3, "column": 16 },
        "end": { "line": 3, "column": 34 }
      },
      "2": {
        "start": { "line": 4, "column": 16 },
        "end": { "line": 4, "column": 30 }
      },
      "3": {
        "start": { "line": 6, "column": 21 },
        "end": { "line": 6, "column": 42 }
      },
      "4": {
        "start": { "line": 7, "column": 23 },
        "end": { "line": 7, "column": 52 }
      },
      "5": {
        "start": { "line": 8, "column": 36 },
        "end": { "line": 8, "column": 79 }
      },
      "6": {
        "start": { "line": 9, "column": 26 },
        "end": { "line": 9, "column": 61 }
      },
      "7": {
        "start": { "line": 10, "column": 23 },
        "end": { "line": 10, "column": 52 }
      },
      "8": {
        "start": { "line": 11, "column": 25 },
        "end": { "line": 11, "column": 56 }
      },
      "9": {
        "start": { "line": 12, "column": 24 },
        "end": { "line": 12, "column": 53 }
      },
      "10": {
        "start": { "line": 13, "column": 21 },
        "end": { "line": 13, "column": 47 }
      },
      "11": {
        "start": { "line": 14, "column": 26 },
        "end": { "line": 14, "column": 59 }
      },
      "12": {
        "start": { "line": 15, "column": 23 },
        "end": { "line": 15, "column": 51 }
      },
      "13": {
        "start": { "line": 16, "column": 21 },
        "end": { "line": 16, "column": 47 }
      },
      "14": {
        "start": { "line": 17, "column": 22 },
        "end": { "line": 17, "column": 49 }
      },
      "15": {
        "start": { "line": 18, "column": 19 },
        "end": { "line": 18, "column": 43 }
      },
      "16": {
        "start": { "line": 19, "column": 31 },
        "end": { "line": 19, "column": 68 }
      },
      "17": {
        "start": { "line": 20, "column": 29 },
        "end": { "line": 20, "column": 64 }
      },
      "18": {
        "start": { "line": 21, "column": 20 },
        "end": { "line": 21, "column": 54 }
      },
      "19": {
        "start": { "line": 27, "column": 2 },
        "end": { "line": 29, "column": 3 }
      },
      "20": {
        "start": { "line": 28, "column": 4 },
        "end": { "line": 28, "column": 11 }
      },
      "21": {
        "start": { "line": 31, "column": 12 },
        "end": { "line": 31, "column": 30 }
      },
      "22": {
        "start": { "line": 32, "column": 34 },
        "end": { "line": 32, "column": 61 }
      },
      "23": {
        "start": { "line": 33, "column": 21 },
        "end": { "line": 33, "column": 67 }
      },
      "24": {
        "start": { "line": 34, "column": 16 },
        "end": { "line": 55, "column": 3 }
      },
      "25": {
        "start": { "line": 44, "column": 22 },
        "end": { "line": 44, "column": 40 }
      },
      "26": {
        "start": { "line": 46, "column": 8 },
        "end": { "line": 50, "column": 9 }
      },
      "27": {
        "start": { "line": 47, "column": 10 },
        "end": { "line": 49, "column": 12 }
      },
      "28": {
        "start": { "line": 52, "column": 8 },
        "end": { "line": 52, "column": 21 }
      },
      "29": {
        "start": { "line": 59, "column": 44 },
        "end": { "line": 59, "column": 59 }
      },
      "30": {
        "start": { "line": 60, "column": 2 },
        "end": { "line": 82, "column": 5 }
      },
      "31": {
        "start": { "line": 85, "column": 2 },
        "end": { "line": 85, "column": 28 }
      },
      "32": {
        "start": { "line": 88, "column": 2 },
        "end": { "line": 88, "column": 27 }
      },
      "33": {
        "start": { "line": 89, "column": 2 },
        "end": { "line": 89, "column": 20 }
      },
      "34": {
        "start": { "line": 90, "column": 2 },
        "end": { "line": 90, "column": 24 }
      },
      "35": {
        "start": { "line": 91, "column": 2 },
        "end": { "line": 91, "column": 26 }
      },
      "36": {
        "start": { "line": 92, "column": 2 },
        "end": { "line": 92, "column": 22 }
      },
      "37": {
        "start": { "line": 93, "column": 2 },
        "end": { "line": 93, "column": 25 }
      },
      "38": {
        "start": { "line": 94, "column": 2 },
        "end": { "line": 94, "column": 23 }
      },
      "39": {
        "start": { "line": 95, "column": 2 },
        "end": { "line": 95, "column": 22 }
      },
      "40": {
        "start": { "line": 96, "column": 2 },
        "end": { "line": 96, "column": 32 }
      },
      "41": {
        "start": { "line": 97, "column": 2 },
        "end": { "line": 97, "column": 37 }
      },
      "42": {
        "start": { "line": 98, "column": 2 },
        "end": { "line": 98, "column": 21 }
      },
      "43": {
        "start": { "line": 99, "column": 2 },
        "end": { "line": 99, "column": 24 }
      },
      "44": {
        "start": { "line": 100, "column": 2 },
        "end": { "line": 100, "column": 27 }
      },
      "45": {
        "start": { "line": 102, "column": 2 },
        "end": { "line": 102, "column": 22 }
      }
    },
    "fnMap": {
      "0": {
        "name": "htmlToJson",
        "decl": {
          "start": { "line": 23, "column": 15 },
          "end": { "line": 23, "column": 25 }
        },
        "loc": {
          "start": { "line": 26, "column": 2 },
          "end": { "line": 103, "column": 1 }
        },
        "line": 26
      },
      "1": {
        "name": "(anonymous_1)",
        "decl": {
          "start": { "line": 43, "column": 11 },
          "end": { "line": 43, "column": 12 }
        },
        "loc": {
          "start": { "line": 43, "column": 22 },
          "end": { "line": 53, "column": 7 }
        },
        "line": 43
      }
    },
    "branchMap": {
      "0": {
        "loc": {
          "start": { "line": 27, "column": 2 },
          "end": { "line": 29, "column": 3 }
        },
        "type": "if",
        "locations": [
          {
            "start": { "line": 27, "column": 2 },
            "end": { "line": 29, "column": 3 }
          },
          {
            "start": { "line": 27, "column": 2 },
            "end": { "line": 29, "column": 3 }
          }
        ],
        "line": 27
      },
      "1": {
        "loc": {
          "start": { "line": 46, "column": 8 },
          "end": { "line": 50, "column": 9 }
        },
        "type": "if",
        "locations": [
          {
            "start": { "line": 46, "column": 8 },
            "end": { "line": 50, "column": 9 }
          },
          {
            "start": { "line": 46, "column": 8 },
            "end": { "line": 50, "column": 9 }
          }
        ],
        "line": 46
      }
    },
    "s": {
      "0": 1,
      "1": 1,
      "2": 1,
      "3": 1,
      "4": 1,
      "5": 1,
      "6": 1,
      "7": 1,
      "8": 1,
      "9": 1,
      "10": 1,
      "11": 1,
      "12": 1,
      "13": 1,
      "14": 1,
      "15": 1,
      "16": 1,
      "17": 1,
      "18": 1,
      "19": 0,
      "20": 0,
      "21": 0,
      "22": 0,
      "23": 0,
      "24": 0,
      "25": 0,
      "26": 0,
      "27": 0,
      "28": 0,
      "29": 0,
      "30": 0,
      "31": 0,
      "32": 0,
      "33": 0,
      "34": 0,
      "35": 0,
      "36": 0,
      "37": 0,
      "38": 0,
      "39": 0,
      "40": 0,
      "41": 0,
      "42": 0,
      "43": 0,
      "44": 0,
      "45": 0
    },
    "f": { "0": 0, "1": 0 },
    "b": { "0": [0, 0], "1": [0, 0] },
    "_coverageSchema": "43e27e138ebf9cfc5966b082cf9a028302ed4184",
    "hash": "137997083e379b456c25329e489e40149069d360",
    "contentHash": "4702a23760d0a607841a0729a7b75440628a738051961bd8db9839e59bbbecc4"
  },
  "/workspace/octokit/conta/routes/lib/openapi.js": {
    "path": "/workspace/octokit/conta/routes/lib/openapi.js",
    "statementMap": {
      "0": {
        "start": { "line": 1, "column": 0 },
        "end": { "line": 8, "column": 2 }
      },
      "1": {
        "start": { "line": 10, "column": 33 },
        "end": { "line": 10, "column": 48 }
      },
      "2": {
        "start": { "line": 11, "column": 24 },
        "end": { "line": 11, "column": 37 }
      },
      "3": {
        "start": { "line": 12, "column": 22 },
        "end": { "line": 12, "column": 39 }
      },
      "4": {
        "start": { "line": 13, "column": 18 },
        "end": { "line": 13, "column": 38 }
      },
      "5": {
        "start": { "line": 14, "column": 10 },
        "end": { "line": 14, "column": 27 }
      },
      "6": {
        "start": { "line": 15, "column": 21 },
        "end": { "line": 15, "column": 52 }
      },
      "7": {
        "start": { "line": 17, "column": 19 },
        "end": { "line": 17, "column": 35 }
      },
      "8": {
        "start": { "line": 18, "column": 13 },
        "end": { "line": 18, "column": 65 }
      },
      "9": {
        "start": { "line": 20, "column": 19 },
        "end": { "line": 37, "column": 1 }
      },
      "10": {
        "start": { "line": 38, "column": 28 },
        "end": { "line": 38, "column": 70 }
      },
      "11": {
        "start": { "line": 41, "column": 2 },
        "end": { "line": 43, "column": 3 }
      },
      "12": {
        "start": { "line": 42, "column": 4 },
        "end": { "line": 42, "column": 22 }
      },
      "13": {
        "start": { "line": 44, "column": 14 },
        "end": { "line": 44, "column": 55 }
      },
      "14": {
        "start": { "line": 45, "column": 2 },
        "end": { "line": 47, "column": 3 }
      },
      "15": {
        "start": { "line": 46, "column": 4 },
        "end": { "line": 46, "column": 15 }
      },
      "16": {
        "start": { "line": 48, "column": 2 },
        "end": { "line": 52, "column": 4 }
      },
      "17": {
        "start": { "line": 56, "column": 14 },
        "end": { "line": 56, "column": 28 }
      },
      "18": {
        "start": { "line": 57, "column": 14 },
        "end": { "line": 57, "column": 53 }
      },
      "19": {
        "start": { "line": 58, "column": 2 },
        "end": { "line": 65, "column": 3 }
      },
      "20": {
        "start": { "line": 59, "column": 4 },
        "end": { "line": 64, "column": 5 }
      },
      "21": {
        "start": { "line": 60, "column": 17 },
        "end": { "line": 60, "column": 40 }
      },
      "22": {
        "start": { "line": 61, "column": 6 },
        "end": { "line": 63, "column": 7 }
      },
      "23": {
        "start": { "line": 62, "column": 8 },
        "end": { "line": 62, "column": 74 }
      },
      "24": {
        "start": { "line": 66, "column": 2 },
        "end": { "line": 66, "column": 13 }
      },
      "25": {
        "start": { "line": 70, "column": 16 },
        "end": { "line": 70, "column": 58 }
      },
      "26": {
        "start": { "line": 71, "column": 17 },
        "end": { "line": 71, "column": 40 }
      },
      "27": {
        "start": { "line": 72, "column": 2 },
        "end": { "line": 72, "column": 30 }
      },
      "28": {
        "start": { "line": 76, "column": 16 },
        "end": { "line": 76, "column": 62 }
      },
      "29": {
        "start": { "line": 77, "column": 2 },
        "end": { "line": 77, "column": 26 }
      },
      "30": {
        "start": { "line": 81, "column": 27 },
        "end": { "line": 81, "column": 35 }
      },
      "31": {
        "start": { "line": 83, "column": 16 },
        "end": { "line": 83, "column": 35 }
      },
      "32": {
        "start": { "line": 84, "column": 2 },
        "end": { "line": 313, "column": 3 }
      },
      "33": {
        "start": { "line": 87, "column": 6 },
        "end": { "line": 87, "column": 20 }
      },
      "34": {
        "start": { "line": 89, "column": 6 },
        "end": { "line": 89, "column": 20 }
      },
      "35": {
        "start": { "line": 91, "column": 6 },
        "end": { "line": 91, "column": 22 }
      },
      "36": {
        "start": { "line": 93, "column": 6 },
        "end": { "line": 93, "column": 26 }
      },
      "37": {
        "start": { "line": 95, "column": 6 },
        "end": { "line": 95, "column": 28 }
      },
      "38": {
        "start": { "line": 97, "column": 6 },
        "end": { "line": 97, "column": 28 }
      },
      "39": {
        "start": { "line": 99, "column": 6 },
        "end": { "line": 99, "column": 35 }
      },
      "40": {
        "start": { "line": 101, "column": 6 },
        "end": { "line": 101, "column": 49 }
      },
      "41": {
        "start": { "line": 103, "column": 6 },
        "end": { "line": 103, "column": 21 }
      },
      "42": {
        "start": { "line": 105, "column": 6 },
        "end": { "line": 105, "column": 31 }
      },
      "43": {
        "start": { "line": 107, "column": 6 },
        "end": { "line": 107, "column": 29 }
      },
      "44": {
        "start": { "line": 109, "column": 6 },
        "end": { "line": 109, "column": 33 }
      },
      "45": {
        "start": { "line": 111, "column": 6 },
        "end": { "line": 113, "column": 9 }
      },
      "46": {
        "start": { "line": 115, "column": 6 },
        "end": { "line": 115, "column": 47 }
      },
      "47": {
        "start": { "line": 117, "column": 6 },
        "end": { "line": 119, "column": 9 }
      },
      "48": {
        "start": { "line": 121, "column": 6 },
        "end": { "line": 121, "column": 48 }
      },
      "49": {
        "start": { "line": 123, "column": 6 },
        "end": { "line": 125, "column": 9 }
      },
      "50": {
        "start": { "line": 127, "column": 6 },
        "end": { "line": 127, "column": 45 }
      },
      "51": {
        "start": { "line": 129, "column": 6 },
        "end": { "line": 131, "column": 9 }
      },
      "52": {
        "start": { "line": 133, "column": 6 },
        "end": { "line": 133, "column": 48 }
      },
      "53": {
        "start": { "line": 135, "column": 6 },
        "end": { "line": 137, "column": 9 }
      },
      "54": {
        "start": { "line": 139, "column": 6 },
        "end": { "line": 139, "column": 48 }
      },
      "55": {
        "start": { "line": 141, "column": 6 },
        "end": { "line": 141, "column": 20 }
      },
      "56": {
        "start": { "line": 143, "column": 6 },
        "end": { "line": 143, "column": 31 }
      },
      "57": {
        "start": { "line": 145, "column": 6 },
        "end": { "line": 145, "column": 29 }
      },
      "58": {
        "start": { "line": 147, "column": 6 },
        "end": { "line": 147, "column": 38 }
      },
      "59": {
        "start": { "line": 149, "column": 6 },
        "end": { "line": 149, "column": 40 }
      },
      "60": {
        "start": { "line": 151, "column": 6 },
        "end": { "line": 151, "column": 40 }
      },
      "61": {
        "start": { "line": 153, "column": 6 },
        "end": { "line": 153, "column": 29 }
      },
      "62": {
        "start": { "line": 155, "column": 6 },
        "end": { "line": 155, "column": 35 }
      },
      "63": {
        "start": { "line": 157, "column": 6 },
        "end": { "line": 157, "column": 56 }
      },
      "64": {
        "start": { "line": 159, "column": 6 },
        "end": { "line": 159, "column": 57 }
      },
      "65": {
        "start": { "line": 161, "column": 6 },
        "end": { "line": 161, "column": 57 }
      },
      "66": {
        "start": { "line": 165, "column": 6 },
        "end": { "line": 165, "column": 57 }
      },
      "67": {
        "start": { "line": 167, "column": 6 },
        "end": { "line": 167, "column": 62 }
      },
      "68": {
        "start": { "line": 169, "column": 6 },
        "end": { "line": 169, "column": 44 }
      },
      "69": {
        "start": { "line": 171, "column": 6 },
        "end": { "line": 171, "column": 43 }
      },
      "70": {
        "start": { "line": 173, "column": 6 },
        "end": { "line": 173, "column": 49 }
      },
      "71": {
        "start": { "line": 175, "column": 6 },
        "end": { "line": 175, "column": 50 }
      },
      "72": {
        "start": { "line": 177, "column": 6 },
        "end": { "line": 177, "column": 53 }
      },
      "73": {
        "start": { "line": 179, "column": 6 },
        "end": { "line": 179, "column": 50 }
      },
      "74": {
        "start": { "line": 181, "column": 6 },
        "end": { "line": 181, "column": 43 }
      },
      "75": {
        "start": { "line": 183, "column": 6 },
        "end": { "line": 183, "column": 55 }
      },
      "76": {
        "start": { "line": 185, "column": 6 },
        "end": { "line": 185, "column": 43 }
      },
      "77": {
        "start": { "line": 187, "column": 6 },
        "end": { "line": 187, "column": 57 }
      },
      "78": {
        "start": { "line": 189, "column": 6 },
        "end": { "line": 189, "column": 53 }
      },
      "79": {
        "start": { "line": 191, "column": 6 },
        "end": { "line": 191, "column": 43 }
      },
      "80": {
        "start": { "line": 193, "column": 6 },
        "end": { "line": 193, "column": 53 }
      },
      "81": {
        "start": { "line": 197, "column": 6 },
        "end": { "line": 197, "column": 50 }
      },
      "82": {
        "start": { "line": 199, "column": 6 },
        "end": { "line": 199, "column": 42 }
      },
      "83": {
        "start": { "line": 201, "column": 6 },
        "end": { "line": 201, "column": 41 }
      },
      "84": {
        "start": { "line": 203, "column": 6 },
        "end": { "line": 203, "column": 40 }
      },
      "85": {
        "start": { "line": 205, "column": 6 },
        "end": { "line": 205, "column": 32 }
      },
      "86": {
        "start": { "line": 207, "column": 6 },
        "end": { "line": 207, "column": 47 }
      },
      "87": {
        "start": { "line": 211, "column": 6 },
        "end": { "line": 211, "column": 28 }
      },
      "88": {
        "start": { "line": 213, "column": 6 },
        "end": { "line": 213, "column": 30 }
      },
      "89": {
        "start": { "line": 215, "column": 6 },
        "end": { "line": 215, "column": 28 }
      },
      "90": {
        "start": { "line": 217, "column": 6 },
        "end": { "line": 217, "column": 19 }
      },
      "91": {
        "start": { "line": 219, "column": 6 },
        "end": { "line": 219, "column": 38 }
      },
      "92": {
        "start": { "line": 221, "column": 6 },
        "end": { "line": 221, "column": 26 }
      },
      "93": {
        "start": { "line": 223, "column": 6 },
        "end": { "line": 223, "column": 28 }
      },
      "94": {
        "start": { "line": 225, "column": 6 },
        "end": { "line": 225, "column": 28 }
      },
      "95": {
        "start": { "line": 227, "column": 6 },
        "end": { "line": 227, "column": 31 }
      },
      "96": {
        "start": { "line": 229, "column": 6 },
        "end": { "line": 229, "column": 34 }
      },
      "97": {
        "start": { "line": 231, "column": 6 },
        "end": { "line": 231, "column": 41 }
      },
      "98": {
        "start": { "line": 233, "column": 6 },
        "end": { "line": 233, "column": 25 }
      },
      "99": {
        "start": { "line": 235, "column": 6 },
        "end": { "line": 235, "column": 29 }
      },
      "100": {
        "start": { "line": 237, "column": 6 },
        "end": { "line": 237, "column": 31 }
      },
      "101": {
        "start": { "line": 239, "column": 6 },
        "end": { "line": 239, "column": 21 }
      },
      "102": {
        "start": { "line": 241, "column": 6 },
        "end": { "line": 241, "column": 26 }
      },
      "103": {
        "start": { "line": 243, "column": 6 },
        "end": { "line": 243, "column": 25 }
      },
      "104": {
        "start": { "line": 245, "column": 6 },
        "end": { "line": 245, "column": 42 }
      },
      "105": {
        "start": { "line": 247, "column": 6 },
        "end": { "line": 247, "column": 47 }
      },
      "106": {
        "start": { "line": 249, "column": 6 },
        "end": { "line": 249, "column": 26 }
      },
      "107": {
        "start": { "line": 251, "column": 6 },
        "end": { "line": 251, "column": 32 }
      },
      "108": {
        "start": { "line": 253, "column": 6 },
        "end": { "line": 253, "column": 39 }
      },
      "109": {
        "start": { "line": 255, "column": 6 },
        "end": { "line": 255, "column": 39 }
      },
      "110": {
        "start": { "line": 257, "column": 6 },
        "end": { "line": 257, "column": 40 }
      },
      "111": {
        "start": { "line": 259, "column": 6 },
        "end": { "line": 259, "column": 38 }
      },
      "112": {
        "start": { "line": 261, "column": 6 },
        "end": { "line": 261, "column": 45 }
      },
      "113": {
        "start": { "line": 263, "column": 6 },
        "end": { "line": 263, "column": 52 }
      },
      "114": {
        "start": { "line": 265, "column": 6 },
        "end": { "line": 265, "column": 34 }
      },
      "115": {
        "start": { "line": 267, "column": 6 },
        "end": { "line": 267, "column": 51 }
      },
      "116": {
        "start": { "line": 269, "column": 6 },
        "end": { "line": 269, "column": 49 }
      },
      "117": {
        "start": { "line": 271, "column": 6 },
        "end": { "line": 271, "column": 41 }
      },
      "118": {
        "start": { "line": 273, "column": 6 },
        "end": { "line": 273, "column": 36 }
      },
      "119": {
        "start": { "line": 275, "column": 6 },
        "end": { "line": 275, "column": 27 }
      },
      "120": {
        "start": { "line": 277, "column": 6 },
        "end": { "line": 277, "column": 45 }
      },
      "121": {
        "start": { "line": 279, "column": 6 },
        "end": { "line": 279, "column": 42 }
      },
      "122": {
        "start": { "line": 281, "column": 6 },
        "end": { "line": 281, "column": 29 }
      },
      "123": {
        "start": { "line": 283, "column": 6 },
        "end": { "line": 283, "column": 45 }
      },
      "124": {
        "start": { "line": 285, "column": 6 },
        "end": { "line": 285, "column": 40 }
      },
      "125": {
        "start": { "line": 287, "column": 6 },
        "end": { "line": 287, "column": 29 }
      },
      "126": {
        "start": { "line": 289, "column": 6 },
        "end": { "line": 289, "column": 32 }
      },
      "127": {
        "start": { "line": 291, "column": 6 },
        "end": { "line": 291, "column": 35 }
      },
      "128": {
        "start": { "line": 293, "column": 6 },
        "end": { "line": 293, "column": 36 }
      },
      "129": {
        "start": { "line": 295, "column": 6 },
        "end": { "line": 295, "column": 37 }
      },
      "130": {
        "start": { "line": 297, "column": 6 },
        "end": { "line": 297, "column": 37 }
      },
      "131": {
        "start": { "line": 299, "column": 6 },
        "end": { "line": 299, "column": 34 }
      },
      "132": {
        "start": { "line": 301, "column": 6 },
        "end": { "line": 301, "column": 19 }
      },
      "133": {
        "start": { "line": 303, "column": 6 },
        "end": { "line": 303, "column": 45 }
      },
      "134": {
        "start": { "line": 305, "column": 6 },
        "end": { "line": 305, "column": 34 }
      },
      "135": {
        "start": { "line": 307, "column": 6 },
        "end": { "line": 307, "column": 46 }
      },
      "136": {
        "start": { "line": 309, "column": 6 },
        "end": { "line": 309, "column": 40 }
      },
      "137": {
        "start": { "line": 312, "column": 6 },
        "end": { "line": 312, "column": 40 }
      },
      "138": {
        "start": { "line": 316, "column": 2 },
        "end": { "line": 319, "column": 3 }
      },
      "139": {
        "start": { "line": 317, "column": 23 },
        "end": { "line": 317, "column": 61 }
      },
      "140": {
        "start": { "line": 318, "column": 4 },
        "end": { "line": 318, "column": 37 }
      },
      "141": {
        "start": { "line": 322, "column": 30 },
        "end": { "line": 322, "column": 50 }
      },
      "142": {
        "start": { "line": 323, "column": 22 },
        "end": { "line": 323, "column": 60 }
      },
      "143": {
        "start": { "line": 325, "column": 33 },
        "end": { "line": 328, "column": 3 }
      },
      "144": {
        "start": { "line": 329, "column": 25 },
        "end": { "line": 329, "column": 77 }
      },
      "145": {
        "start": { "line": 330, "column": 32 },
        "end": { "line": 333, "column": 3 }
      },
      "146": {
        "start": { "line": 335, "column": 15 },
        "end": { "line": 339, "column": 39 }
      },
      "147": {
        "start": { "line": 342, "column": 2 },
        "end": { "line": 342, "column": 36 }
      },
      "148": {
        "start": { "line": 344, "column": 2 },
        "end": { "line": 344, "column": 29 }
      },
      "149": {
        "start": { "line": 347, "column": 2 },
        "end": { "line": 352, "column": 35 }
      },
      "150": {
        "start": { "line": 355, "column": 2 },
        "end": { "line": 355, "column": 50 }
      },
      "151": {
        "start": { "line": 358, "column": 2 },
        "end": { "line": 358, "column": 47 }
      },
      "152": {
        "start": { "line": 362, "column": 2 },
        "end": { "line": 362, "column": 43 }
      },
      "153": {
        "start": { "line": 366, "column": 2 },
        "end": { "line": 366, "column": 44 }
      },
      "154": {
        "start": { "line": 370, "column": 2 },
        "end": { "line": 370, "column": 72 }
      },
      "155": {
        "start": { "line": 373, "column": 2 },
        "end": { "line": 373, "column": 48 }
      },
      "156": {
        "start": { "line": 376, "column": 2 },
        "end": { "line": 376, "column": 44 }
      },
      "157": {
        "start": { "line": 379, "column": 2 },
        "end": { "line": 379, "column": 59 }
      },
      "158": {
        "start": { "line": 382, "column": 2 },
        "end": { "line": 382, "column": 71 }
      },
      "159": {
        "start": { "line": 385, "column": 2 },
        "end": { "line": 385, "column": 48 }
      },
      "160": {
        "start": { "line": 388, "column": 2 },
        "end": { "line": 388, "column": 44 }
      },
      "161": {
        "start": { "line": 392, "column": 2 },
        "end": { "line": 392, "column": 54 }
      },
      "162": {
        "start": { "line": 395, "column": 2 },
        "end": { "line": 395, "column": 57 }
      },
      "163": {
        "start": { "line": 396, "column": 2 },
        "end": { "line": 396, "column": 52 }
      },
      "164": {
        "start": { "line": 399, "column": 2 },
        "end": { "line": 399, "column": 49 }
      },
      "165": {
        "start": { "line": 402, "column": 2 },
        "end": { "line": 402, "column": 44 }
      },
      "166": {
        "start": { "line": 405, "column": 2 },
        "end": { "line": 405, "column": 63 }
      },
      "167": {
        "start": { "line": 406, "column": 2 },
        "end": { "line": 406, "column": 54 }
      },
      "168": {
        "start": { "line": 409, "column": 2 },
        "end": { "line": 412, "column": 3 }
      },
      "169": {
        "start": { "line": 410, "column": 18 },
        "end": { "line": 410, "column": 38 }
      },
      "170": {
        "start": { "line": 411, "column": 4 },
        "end": { "line": 411, "column": 52 }
      },
      "171": {
        "start": { "line": 414, "column": 2 },
        "end": { "line": 422, "column": 3 }
      },
      "172": {
        "start": { "line": 421, "column": 4 },
        "end": { "line": 421, "column": 26 }
      },
      "173": {
        "start": { "line": 430, "column": 2 },
        "end": { "line": 432, "column": 3 }
      },
      "174": {
        "start": { "line": 431, "column": 4 },
        "end": { "line": 431, "column": 24 }
      },
      "175": {
        "start": { "line": 435, "column": 2 },
        "end": { "line": 435, "column": 47 }
      },
      "176": {
        "start": { "line": 443, "column": 2 },
        "end": { "line": 448, "column": 3 }
      },
      "177": {
        "start": { "line": 447, "column": 4 },
        "end": { "line": 447, "column": 24 }
      },
      "178": {
        "start": { "line": 451, "column": 2 },
        "end": { "line": 453, "column": 3 }
      },
      "179": {
        "start": { "line": 452, "column": 4 },
        "end": { "line": 452, "column": 50 }
      },
      "180": {
        "start": { "line": 457, "column": 2 },
        "end": { "line": 459, "column": 3 }
      },
      "181": {
        "start": { "line": 458, "column": 4 },
        "end": { "line": 458, "column": 47 }
      },
      "182": {
        "start": { "line": 461, "column": 2 },
        "end": { "line": 461, "column": 16 }
      },
      "183": {
        "start": { "line": 465, "column": 21 },
        "end": { "line": 465, "column": 64 }
      },
      "184": {
        "start": { "line": 467, "column": 2 },
        "end": { "line": 469, "column": 3 }
      },
      "185": {
        "start": { "line": 468, "column": 4 },
        "end": { "line": 468, "column": 70 }
      },
      "186": {
        "start": { "line": 471, "column": 2 },
        "end": { "line": 473, "column": 3 }
      },
      "187": {
        "start": { "line": 472, "column": 4 },
        "end": { "line": 472, "column": 50 }
      },
      "188": {
        "start": { "line": 475, "column": 2 },
        "end": { "line": 478, "column": 3 }
      },
      "189": {
        "start": { "line": 476, "column": 4 },
        "end": { "line": 476, "column": 57 }
      },
      "190": {
        "start": { "line": 477, "column": 4 },
        "end": { "line": 477, "column": 62 }
      },
      "191": {
        "start": { "line": 480, "column": 2 },
        "end": { "line": 484, "column": 3 }
      },
      "192": {
        "start": { "line": 481, "column": 4 },
        "end": { "line": 481, "column": 58 }
      },
      "193": {
        "start": { "line": 482, "column": 4 },
        "end": { "line": 482, "column": 54 }
      },
      "194": {
        "start": { "line": 483, "column": 4 },
        "end": { "line": 483, "column": 38 }
      },
      "195": {
        "start": { "line": 486, "column": 2 },
        "end": { "line": 488, "column": 3 }
      },
      "196": {
        "start": { "line": 487, "column": 4 },
        "end": { "line": 487, "column": 56 }
      },
      "197": {
        "start": { "line": 490, "column": 2 },
        "end": { "line": 492, "column": 3 }
      },
      "198": {
        "start": { "line": 491, "column": 4 },
        "end": { "line": 491, "column": 56 }
      },
      "199": {
        "start": { "line": 494, "column": 2 },
        "end": { "line": 496, "column": 3 }
      },
      "200": {
        "start": { "line": 495, "column": 4 },
        "end": { "line": 495, "column": 53 }
      },
      "201": {
        "start": { "line": 498, "column": 2 },
        "end": { "line": 498, "column": 20 }
      },
      "202": {
        "start": { "line": 509, "column": 18 },
        "end": { "line": 509, "column": 43 }
      },
      "203": {
        "start": { "line": 510, "column": 20 },
        "end": { "line": 510, "column": 65 }
      },
      "204": {
        "start": { "line": 511, "column": 2 },
        "end": { "line": 514, "column": 3 }
      },
      "205": {
        "start": { "line": 512, "column": 4 },
        "end": { "line": 512, "column": 72 }
      },
      "206": {
        "start": { "line": 513, "column": 4 },
        "end": { "line": 513, "column": 11 }
      },
      "207": {
        "start": { "line": 515, "column": 2 },
        "end": { "line": 518, "column": 3 }
      },
      "208": {
        "start": { "line": 516, "column": 4 },
        "end": { "line": 516, "column": 59 }
      },
      "209": {
        "start": { "line": 517, "column": 4 },
        "end": { "line": 517, "column": 11 }
      },
      "210": {
        "start": { "line": 519, "column": 2 },
        "end": { "line": 522, "column": 3 }
      },
      "211": {
        "start": { "line": 520, "column": 4 },
        "end": { "line": 521, "column": 66 }
      },
      "212": {
        "start": { "line": 523, "column": 2 },
        "end": { "line": 530, "column": 3 }
      },
      "213": {
        "start": { "line": 524, "column": 26 },
        "end": { "line": 524, "column": 57 }
      },
      "214": {
        "start": { "line": 525, "column": 4 },
        "end": { "line": 525, "column": 46 }
      },
      "215": {
        "start": { "line": 526, "column": 4 },
        "end": { "line": 526, "column": 76 }
      },
      "216": {
        "start": { "line": 527, "column": 4 },
        "end": { "line": 529, "column": 6 }
      },
      "217": {
        "start": { "line": 532, "column": 2 },
        "end": { "line": 537, "column": 3 }
      },
      "218": {
        "start": { "line": 533, "column": 4 },
        "end": { "line": 533, "column": 46 }
      },
      "219": {
        "start": { "line": 534, "column": 4 },
        "end": { "line": 536, "column": 5 }
      },
      "220": {
        "start": { "line": 535, "column": 6 },
        "end": { "line": 535, "column": 74 }
      },
      "221": {
        "start": { "line": 540, "column": 4 },
        "end": { "line": 548, "column": 5 }
      },
      "222": {
        "start": { "line": 543, "column": 8 },
        "end": { "line": 543, "column": 35 }
      },
      "223": {
        "start": { "line": 545, "column": 8 },
        "end": { "line": 545, "column": 56 }
      },
      "224": {
        "start": { "line": 547, "column": 8 },
        "end": { "line": 547, "column": 34 }
      },
      "225": {
        "start": { "line": 552, "column": 4 },
        "end": { "line": 557, "column": 5 }
      },
      "226": {
        "start": { "line": 553, "column": 6 },
        "end": { "line": 556, "column": 8 }
      },
      "227": {
        "start": { "line": 559, "column": 19 },
        "end": { "line": 561, "column": 5 }
      },
      "228": {
        "start": { "line": 560, "column": 6 },
        "end": { "line": 560, "column": 41 }
      },
      "229": {
        "start": { "line": 562, "column": 4 },
        "end": { "line": 562, "column": 26 }
      },
      "230": {
        "start": { "line": 563, "column": 4 },
        "end": { "line": 563, "column": 18 }
      },
      "231": {
        "start": { "line": 567, "column": 4 },
        "end": { "line": 569, "column": 5 }
      },
      "232": {
        "start": { "line": 568, "column": 6 },
        "end": { "line": 568, "column": 68 }
      },
      "233": {
        "start": { "line": 568, "column": 33 },
        "end": { "line": 568, "column": 66 }
      },
      "234": {
        "start": { "line": 571, "column": 4 },
        "end": { "line": 573, "column": 20 }
      },
      "235": {
        "start": { "line": 572, "column": 30 },
        "end": { "line": 572, "column": 56 }
      }
    },
    "fnMap": {
      "0": {
        "name": "getApi",
        "decl": {
          "start": { "line": 40, "column": 9 },
          "end": { "line": 40, "column": 15 }
        },
        "loc": {
          "start": { "line": 40, "column": 24 },
          "end": { "line": 53, "column": 1 }
        },
        "line": 40
      },
      "1": {
        "name": "getDoc",
        "decl": {
          "start": { "line": 55, "column": 9 },
          "end": { "line": 55, "column": 15 }
        },
        "loc": {
          "start": { "line": 55, "column": 24 },
          "end": { "line": 67, "column": 1 }
        },
        "line": 55
      },
      "2": {
        "name": "getOperationId",
        "decl": {
          "start": { "line": 69, "column": 9 },
          "end": { "line": 69, "column": 23 }
        },
        "loc": {
          "start": { "line": 69, "column": 31 },
          "end": { "line": 73, "column": 1 }
        },
        "line": 69
      },
      "3": {
        "name": "getScope",
        "decl": {
          "start": { "line": 75, "column": 9 },
          "end": { "line": 75, "column": 17 }
        },
        "loc": {
          "start": { "line": 75, "column": 36 },
          "end": { "line": 78, "column": 1 }
        },
        "line": 75
      },
      "4": {
        "name": "getIdName",
        "decl": {
          "start": { "line": 80, "column": 9 },
          "end": { "line": 80, "column": 18 }
        },
        "loc": {
          "start": { "line": 80, "column": 36 },
          "end": { "line": 462, "column": 1 }
        },
        "line": 80
      },
      "5": {
        "name": "getVariations",
        "decl": {
          "start": { "line": 464, "column": 9 },
          "end": { "line": 464, "column": 22 }
        },
        "loc": {
          "start": { "line": 464, "column": 29 },
          "end": { "line": 499, "column": 1 }
        },
        "line": 464
      },
      "6": {
        "name": "assignResponse",
        "decl": {
          "start": { "line": 501, "column": 9 },
          "end": { "line": 501, "column": 23 }
        },
        "loc": {
          "start": { "line": 508, "column": 2 },
          "end": { "line": 575, "column": 1 }
        },
        "line": 508
      },
      "7": {
        "name": "getHeaderSchema",
        "decl": {
          "start": { "line": 539, "column": 11 },
          "end": { "line": 539, "column": 26 }
        },
        "loc": {
          "start": { "line": 539, "column": 33 },
          "end": { "line": 549, "column": 3 }
        },
        "line": 539
      },
      "8": {
        "name": "buildSchema",
        "decl": {
          "start": { "line": 551, "column": 11 },
          "end": { "line": 551, "column": 22 }
        },
        "loc": {
          "start": { "line": 551, "column": 29 },
          "end": { "line": 564, "column": 3 }
        },
        "line": 551
      },
      "9": {
        "name": "(anonymous_9)",
        "decl": {
          "start": { "line": 559, "column": 53 },
          "end": { "line": 559, "column": 54 }
        },
        "loc": {
          "start": { "line": 560, "column": 6 },
          "end": { "line": 560, "column": 41 }
        },
        "line": 560
      },
      "10": {
        "name": "mapValuesDeep",
        "decl": {
          "start": { "line": 566, "column": 11 },
          "end": { "line": 566, "column": 24 }
        },
        "loc": {
          "start": { "line": 566, "column": 38 },
          "end": { "line": 574, "column": 3 }
        },
        "line": 566
      },
      "11": {
        "name": "(anonymous_11)",
        "decl": {
          "start": { "line": 568, "column": 19 },
          "end": { "line": 568, "column": 20 }
        },
        "loc": {
          "start": { "line": 568, "column": 33 },
          "end": { "line": 568, "column": 66 }
        },
        "line": 568
      },
      "12": {
        "name": "(anonymous_12)",
        "decl": {
          "start": { "line": 572, "column": 23 },
          "end": { "line": 572, "column": 24 }
        },
        "loc": {
          "start": { "line": 572, "column": 30 },
          "end": { "line": 572, "column": 56 }
        },
        "line": 572
      }
    },
    "branchMap": {
      "0": {
        "loc": {
          "start": { "line": 41, "column": 2 },
          "end": { "line": 43, "column": 3 }
        },
        "type": "if",
        "locations": [
          {
            "start": { "line": 41, "column": 2 },
            "end": { "line": 43, "column": 3 }
          },
          {
            "start": { "line": 41, "column": 2 },
            "end": { "line": 43, "column": 3 }
          }
        ],
        "line": 41
      },
      "1": {
        "loc": {
          "start": { "line": 44, "column": 14 },
          "end": { "line": 44, "column": 55 }
        },
        "type": "cond-expr",
        "locations": [
          {
            "start": { "line": 44, "column": 31 },
            "end": { "line": 44, "column": 46 }
          },
          {
            "start": { "line": 44, "column": 49 },
            "end": { "line": 44, "column": 55 }
          }
        ],
        "line": 44
      },
      "2": {
        "loc": {
          "start": { "line": 45, "column": 2 },
          "end": { "line": 47, "column": 3 }
        },
        "type": "if",
        "locations": [
          {
            "start": { "line": 45, "column": 2 },
            "end": { "line": 47, "column": 3 }
          },
          {
            "start": { "line": 45, "column": 2 },
            "end": { "line": 47, "column": 3 }
          }
        ],
        "line": 45
      },
      "3": {
        "loc": {
          "start": { "line": 61, "column": 6 },
          "end": { "line": 63, "column": 7 }
        },
        "type": "if",
        "locations": [
          {
            "start": { "line": 61, "column": 6 },
            "end": { "line": 63, "column": 7 }
          },
          {
            "start": { "line": 61, "column": 6 },
            "end": { "line": 63, "column": 7 }
          }
        ],
        "line": 61
      },
      "4": {
        "loc": {
          "start": { "line": 84, "column": 2 },
          "end": { "line": 313, "column": 3 }
        },
        "type": "switch",
        "locations": [
          {
            "start": { "line": 86, "column": 4 },
            "end": { "line": 87, "column": 20 }
          },
          {
            "start": { "line": 88, "column": 4 },
            "end": { "line": 89, "column": 20 }
          },
          {
            "start": { "line": 90, "column": 4 },
            "end": { "line": 91, "column": 22 }
          },
          {
            "start": { "line": 92, "column": 4 },
            "end": { "line": 93, "column": 26 }
          },
          {
            "start": { "line": 94, "column": 4 },
            "end": { "line": 95, "column": 28 }
          },
          {
            "start": { "line": 96, "column": 4 },
            "end": { "line": 97, "column": 28 }
          },
          {
            "start": { "line": 98, "column": 4 },
            "end": { "line": 99, "column": 35 }
          },
          {
            "start": { "line": 100, "column": 4 },
            "end": { "line": 101, "column": 49 }
          },
          {
            "start": { "line": 102, "column": 4 },
            "end": { "line": 103, "column": 21 }
          },
          {
            "start": { "line": 104, "column": 4 },
            "end": { "line": 105, "column": 31 }
          },
          {
            "start": { "line": 106, "column": 4 },
            "end": { "line": 107, "column": 29 }
          },
          {
            "start": { "line": 108, "column": 4 },
            "end": { "line": 109, "column": 33 }
          },
          {
            "start": { "line": 110, "column": 4 },
            "end": { "line": 113, "column": 9 }
          },
          {
            "start": { "line": 114, "column": 4 },
            "end": { "line": 115, "column": 47 }
          },
          {
            "start": { "line": 116, "column": 4 },
            "end": { "line": 119, "column": 9 }
          },
          {
            "start": { "line": 120, "column": 4 },
            "end": { "line": 121, "column": 48 }
          },
          {
            "start": { "line": 122, "column": 4 },
            "end": { "line": 125, "column": 9 }
          },
          {
            "start": { "line": 126, "column": 4 },
            "end": { "line": 127, "column": 45 }
          },
          {
            "start": { "line": 128, "column": 4 },
            "end": { "line": 131, "column": 9 }
          },
          {
            "start": { "line": 132, "column": 4 },
            "end": { "line": 133, "column": 48 }
          },
          {
            "start": { "line": 134, "column": 4 },
            "end": { "line": 137, "column": 9 }
          },
          {
            "start": { "line": 138, "column": 4 },
            "end": { "line": 139, "column": 48 }
          },
          {
            "start": { "line": 140, "column": 4 },
            "end": { "line": 141, "column": 20 }
          },
          {
            "start": { "line": 142, "column": 4 },
            "end": { "line": 143, "column": 31 }
          },
          {
            "start": { "line": 144, "column": 4 },
            "end": { "line": 145, "column": 29 }
          },
          {
            "start": { "line": 146, "column": 4 },
            "end": { "line": 147, "column": 38 }
          },
          {
            "start": { "line": 148, "column": 4 },
            "end": { "line": 149, "column": 40 }
          },
          {
            "start": { "line": 150, "column": 4 },
            "end": { "line": 151, "column": 40 }
          },
          {
            "start": { "line": 152, "column": 4 },
            "end": { "line": 153, "column": 29 }
          },
          {
            "start": { "line": 154, "column": 4 },
            "end": { "line": 155, "column": 35 }
          },
          {
            "start": { "line": 156, "column": 4 },
            "end": { "line": 157, "column": 56 }
          },
          {
            "start": { "line": 158, "column": 4 },
            "end": { "line": 159, "column": 57 }
          },
          {
            "start": { "line": 160, "column": 4 },
            "end": { "line": 161, "column": 57 }
          },
          {
            "start": { "line": 164, "column": 4 },
            "end": { "line": 165, "column": 57 }
          },
          {
            "start": { "line": 166, "column": 4 },
            "end": { "line": 167, "column": 62 }
          },
          {
            "start": { "line": 168, "column": 4 },
            "end": { "line": 169, "column": 44 }
          },
          {
            "start": { "line": 170, "column": 4 },
            "end": { "line": 171, "column": 43 }
          },
          {
            "start": { "line": 172, "column": 4 },
            "end": { "line": 173, "column": 49 }
          },
          {
            "start": { "line": 174, "column": 4 },
            "end": { "line": 175, "column": 50 }
          },
          {
            "start": { "line": 176, "column": 4 },
            "end": { "line": 177, "column": 53 }
          },
          {
            "start": { "line": 178, "column": 4 },
            "end": { "line": 179, "column": 50 }
          },
          {
            "start": { "line": 180, "column": 4 },
            "end": { "line": 181, "column": 43 }
          },
          {
            "start": { "line": 182, "column": 4 },
            "end": { "line": 183, "column": 55 }
          },
          {
            "start": { "line": 184, "column": 4 },
            "end": { "line": 185, "column": 43 }
          },
          {
            "start": { "line": 186, "column": 4 },
            "end": { "line": 187, "column": 57 }
          },
          {
            "start": { "line": 188, "column": 4 },
            "end": { "line": 189, "column": 53 }
          },
          {
            "start": { "line": 190, "column": 4 },
            "end": { "line": 191, "column": 43 }
          },
          {
            "start": { "line": 192, "column": 4 },
            "end": { "line": 193, "column": 53 }
          },
          {
            "start": { "line": 196, "column": 4 },
            "end": { "line": 197, "column": 50 }
          },
          {
            "start": { "line": 198, "column": 4 },
            "end": { "line": 199, "column": 42 }
          },
          {
            "start": { "line": 200, "column": 4 },
            "end": { "line": 201, "column": 41 }
          },
          {
            "start": { "line": 202, "column": 4 },
            "end": { "line": 203, "column": 40 }
          },
          {
            "start": { "line": 204, "column": 4 },
            "end": { "line": 205, "column": 32 }
          },
          {
            "start": { "line": 206, "column": 4 },
            "end": { "line": 207, "column": 47 }
          },
          {
            "start": { "line": 210, "column": 4 },
            "end": { "line": 211, "column": 28 }
          },
          {
            "start": { "line": 212, "column": 4 },
            "end": { "line": 213, "column": 30 }
          },
          {
            "start": { "line": 214, "column": 4 },
            "end": { "line": 215, "column": 28 }
          },
          {
            "start": { "line": 216, "column": 4 },
            "end": { "line": 217, "column": 19 }
          },
          {
            "start": { "line": 218, "column": 4 },
            "end": { "line": 219, "column": 38 }
          },
          {
            "start": { "line": 220, "column": 4 },
            "end": { "line": 221, "column": 26 }
          },
          {
            "start": { "line": 222, "column": 4 },
            "end": { "line": 223, "column": 28 }
          },
          {
            "start": { "line": 224, "column": 4 },
            "end": { "line": 225, "column": 28 }
          },
          {
            "start": { "line": 226, "column": 4 },
            "end": { "line": 227, "column": 31 }
          },
          {
            "start": { "line": 228, "column": 4 },
            "end": { "line": 229, "column": 34 }
          },
          {
            "start": { "line": 230, "column": 4 },
            "end": { "line": 231, "column": 41 }
          },
          {
            "start": { "line": 232, "column": 4 },
            "end": { "line": 233, "column": 25 }
          },
          {
            "start": { "line": 234, "column": 4 },
            "end": { "line": 235, "column": 29 }
          },
          {
            "start": { "line": 236, "column": 4 },
            "end": { "line": 237, "column": 31 }
          },
          {
            "start": { "line": 238, "column": 4 },
            "end": { "line": 239, "column": 21 }
          },
          {
            "start": { "line": 240, "column": 4 },
            "end": { "line": 241, "column": 26 }
          },
          {
            "start": { "line": 242, "column": 4 },
            "end": { "line": 243, "column": 25 }
          },
          {
            "start": { "line": 244, "column": 4 },
            "end": { "line": 245, "column": 42 }
          },
          {
            "start": { "line": 246, "column": 4 },
            "end": { "line": 247, "column": 47 }
          },
          {
            "start": { "line": 248, "column": 4 },
            "end": { "line": 249, "column": 26 }
          },
          {
            "start": { "line": 250, "column": 4 },
            "end": { "line": 251, "column": 32 }
          },
          {
            "start": { "line": 252, "column": 4 },
            "end": { "line": 253, "column": 39 }
          },
          {
            "start": { "line": 254, "column": 4 },
            "end": { "line": 255, "column": 39 }
          },
          {
            "start": { "line": 256, "column": 4 },
            "end": { "line": 257, "column": 40 }
          },
          {
            "start": { "line": 258, "column": 4 },
            "end": { "line": 259, "column": 38 }
          },
          {
            "start": { "line": 260, "column": 4 },
            "end": { "line": 261, "column": 45 }
          },
          {
            "start": { "line": 262, "column": 4 },
            "end": { "line": 263, "column": 52 }
          },
          {
            "start": { "line": 264, "column": 4 },
            "end": { "line": 265, "column": 34 }
          },
          {
            "start": { "line": 266, "column": 4 },
            "end": { "line": 267, "column": 51 }
          },
          {
            "start": { "line": 268, "column": 4 },
            "end": { "line": 269, "column": 49 }
          },
          {
            "start": { "line": 270, "column": 4 },
            "end": { "line": 271, "column": 41 }
          },
          {
            "start": { "line": 272, "column": 4 },
            "end": { "line": 273, "column": 36 }
          },
          {
            "start": { "line": 274, "column": 4 },
            "end": { "line": 275, "column": 27 }
          },
          {
            "start": { "line": 276, "column": 4 },
            "end": { "line": 277, "column": 45 }
          },
          {
            "start": { "line": 278, "column": 4 },
            "end": { "line": 279, "column": 42 }
          },
          {
            "start": { "line": 280, "column": 4 },
            "end": { "line": 281, "column": 29 }
          },
          {
            "start": { "line": 282, "column": 4 },
            "end": { "line": 283, "column": 45 }
          },
          {
            "start": { "line": 284, "column": 4 },
            "end": { "line": 285, "column": 40 }
          },
          {
            "start": { "line": 286, "column": 4 },
            "end": { "line": 287, "column": 29 }
          },
          {
            "start": { "line": 288, "column": 4 },
            "end": { "line": 289, "column": 32 }
          },
          {
            "start": { "line": 290, "column": 4 },
            "end": { "line": 291, "column": 35 }
          },
          {
            "start": { "line": 292, "column": 4 },
            "end": { "line": 293, "column": 36 }
          },
          {
            "start": { "line": 294, "column": 4 },
            "end": { "line": 295, "column": 37 }
          },
          {
            "start": { "line": 296, "column": 4 },
            "end": { "line": 297, "column": 37 }
          },
          {
            "start": { "line": 298, "column": 4 },
            "end": { "line": 299, "column": 34 }
          },
          {
            "start": { "line": 300, "column": 4 },
            "end": { "line": 301, "column": 19 }
          },
          {
            "start": { "line": 302, "column": 4 },
            "end": { "line": 303, "column": 45 }
          },
          {
            "start": { "line": 304, "column": 4 },
            "end": { "line": 305, "column": 34 }
          },
          {
            "start": { "line": 306, "column": 4 },
            "end": { "line": 307, "column": 46 }
          },
          {
            "start": { "line": 308, "column": 4 },
            "end": { "line": 309, "column": 40 }
          },
          {
            "start": { "line": 311, "column": 4 },
            "end": { "line": 312, "column": 40 }
          }
        ],
        "line": 84
      },
      "5": {
        "loc": {
          "start": { "line": 112, "column": 8 },
          "end": { "line": 112, "column": 66 }
        },
        "type": "cond-expr",
        "locations": [
          {
            "start": { "line": 112, "column": 52 },
            "end": { "line": 112, "column": 61 }
          },
          {
            "start": { "line": 112, "column": 64 },
            "end": { "line": 112, "column": 66 }
          }
        ],
        "line": 112
      },
      "6": {
        "loc": {
          "start": { "line": 118, "column": 8 },
          "end": { "line": 118, "column": 66 }
        },
        "type": "cond-expr",
        "locations": [
          {
            "start": { "line": 118, "column": 52 },
            "end": { "line": 118, "column": 61 }
          },
          {
            "start": { "line": 118, "column": 64 },
            "end": { "line": 118, "column": 66 }
          }
        ],
        "line": 118
      },
      "7": {
        "loc": {
          "start": { "line": 124, "column": 8 },
          "end": { "line": 124, "column": 66 }
        },
        "type": "cond-expr",
        "locations": [
          {
            "start": { "line": 124, "column": 52 },
            "end": { "line": 124, "column": 61 }
          },
          {
            "start": { "line": 124, "column": 64 },
            "end": { "line": 124, "column": 66 }
          }
        ],
        "line": 124
      },
      "8": {
        "loc": {
          "start": { "line": 130, "column": 8 },
          "end": { "line": 130, "column": 66 }
        },
        "type": "cond-expr",
        "locations": [
          {
            "start": { "line": 130, "column": 52 },
            "end": { "line": 130, "column": 61 }
          },
          {
            "start": { "line": 130, "column": 64 },
            "end": { "line": 130, "column": 66 }
          }
        ],
        "line": 130
      },
      "9": {
        "loc": {
          "start": { "line": 136, "column": 8 },
          "end": { "line": 136, "column": 66 }
        },
        "type": "cond-expr",
        "locations": [
          {
            "start": { "line": 136, "column": 52 },
            "end": { "line": 136, "column": 61 }
          },
          {
            "start": { "line": 136, "column": 64 },
            "end": { "line": 136, "column": 66 }
          }
        ],
        "line": 136
      },
      "10": {
        "loc": {
          "start": { "line": 316, "column": 2 },
          "end": { "line": 319, "column": 3 }
        },
        "type": "if",
        "locations": [
          {
            "start": { "line": 316, "column": 2 },
            "end": { "line": 319, "column": 3 }
          },
          {
            "start": { "line": 316, "column": 2 },
            "end": { "line": 319, "column": 3 }
          }
        ],
        "line": 316
      },
      "11": {
        "loc": {
          "start": { "line": 409, "column": 2 },
          "end": { "line": 412, "column": 3 }
        },
        "type": "if",
        "locations": [
          {
            "start": { "line": 409, "column": 2 },
            "end": { "line": 412, "column": 3 }
          },
          {
            "start": { "line": 409, "column": 2 },
            "end": { "line": 412, "column": 3 }
          }
        ],
        "line": 409
      },
      "12": {
        "loc": {
          "start": { "line": 414, "column": 2 },
          "end": { "line": 422, "column": 3 }
        },
        "type": "if",
        "locations": [
          {
            "start": { "line": 414, "column": 2 },
            "end": { "line": 422, "column": 3 }
          },
          {
            "start": { "line": 414, "column": 2 },
            "end": { "line": 422, "column": 3 }
          }
        ],
        "line": 414
      },
      "13": {
        "loc": {
          "start": { "line": 414, "column": 6 },
          "end": { "line": 414, "column": 61 }
        },
        "type": "binary-expr",
        "locations": [
          {
            "start": { "line": 414, "column": 6 },
            "end": { "line": 414, "column": 23 }
          },
          {
            "start": { "line": 414, "column": 27 },
            "end": { "line": 414, "column": 61 }
          }
        ],
        "line": 414
      },
      "14": {
        "loc": {
          "start": { "line": 430, "column": 2 },
          "end": { "line": 432, "column": 3 }
        },
        "type": "if",
        "locations": [
          {
            "start": { "line": 430, "column": 2 },
            "end": { "line": 432, "column": 3 }
          },
          {
            "start": { "line": 430, "column": 2 },
            "end": { "line": 432, "column": 3 }
          }
        ],
        "line": 430
      },
      "15": {
        "loc": {
          "start": { "line": 443, "column": 2 },
          "end": { "line": 448, "column": 3 }
        },
        "type": "if",
        "locations": [
          {
            "start": { "line": 443, "column": 2 },
            "end": { "line": 448, "column": 3 }
          },
          {
            "start": { "line": 443, "column": 2 },
            "end": { "line": 448, "column": 3 }
          }
        ],
        "line": 443
      },
      "16": {
        "loc": {
          "start": { "line": 444, "column": 4 },
          "end": { "line": 445, "column": 47 }
        },
        "type": "binary-expr",
        "locations": [
          {
            "start": { "line": 444, "column": 4 },
            "end": { "line": 444, "column": 49 }
          },
          {
            "start": { "line": 445, "column": 4 },
            "end": { "line": 445, "column": 47 }
          }
        ],
        "line": 444
      },
      "17": {
        "loc": {
          "start": { "line": 451, "column": 2 },
          "end": { "line": 453, "column": 3 }
        },
        "type": "if",
        "locations": [
          {
            "start": { "line": 451, "column": 2 },
            "end": { "line": 453, "column": 3 }
          },
          {
            "start": { "line": 451, "column": 2 },
            "end": { "line": 453, "column": 3 }
          }
        ],
        "line": 451
      },
      "18": {
        "loc": {
          "start": { "line": 457, "column": 2 },
          "end": { "line": 459, "column": 3 }
        },
        "type": "if",
        "locations": [
          {
            "start": { "line": 457, "column": 2 },
            "end": { "line": 459, "column": 3 }
          },
          {
            "start": { "line": 457, "column": 2 },
            "end": { "line": 459, "column": 3 }
          }
        ],
        "line": 457
      },
      "19": {
        "loc": {
          "start": { "line": 467, "column": 2 },
          "end": { "line": 469, "column": 3 }
        },
        "type": "if",
        "locations": [
          {
            "start": { "line": 467, "column": 2 },
            "end": { "line": 469, "column": 3 }
          },
          {
            "start": { "line": 467, "column": 2 },
            "end": { "line": 469, "column": 3 }
          }
        ],
        "line": 467
      },
      "20": {
        "loc": {
          "start": { "line": 471, "column": 2 },
          "end": { "line": 473, "column": 3 }
        },
        "type": "if",
        "locations": [
          {
            "start": { "line": 471, "column": 2 },
            "end": { "line": 473, "column": 3 }
          },
          {
            "start": { "line": 471, "column": 2 },
            "end": { "line": 473, "column": 3 }
          }
        ],
        "line": 471
      },
      "21": {
        "loc": {
          "start": { "line": 475, "column": 2 },
          "end": { "line": 478, "column": 3 }
        },
        "type": "if",
        "locations": [
          {
            "start": { "line": 475, "column": 2 },
            "end": { "line": 478, "column": 3 }
          },
          {
            "start": { "line": 475, "column": 2 },
            "end": { "line": 478, "column": 3 }
          }
        ],
        "line": 475
      },
      "22": {
        "loc": {
          "start": { "line": 480, "column": 2 },
          "end": { "line": 484, "column": 3 }
        },
        "type": "if",
        "locations": [
          {
            "start": { "line": 480, "column": 2 },
            "end": { "line": 484, "column": 3 }
          },
          {
            "start": { "line": 480, "column": 2 },
            "end": { "line": 484, "column": 3 }
          }
        ],
        "line": 480
      },
      "23": {
        "loc": {
          "start": { "line": 486, "column": 2 },
          "end": { "line": 488, "column": 3 }
        },
        "type": "if",
        "locations": [
          {
            "start": { "line": 486, "column": 2 },
            "end": { "line": 488, "column": 3 }
          },
          {
            "start": { "line": 486, "column": 2 },
            "end": { "line": 488, "column": 3 }
          }
        ],
        "line": 486
      },
      "24": {
        "loc": {
          "start": { "line": 490, "column": 2 },
          "end": { "line": 492, "column": 3 }
        },
        "type": "if",
        "locations": [
          {
            "start": { "line": 490, "column": 2 },
            "end": { "line": 492, "column": 3 }
          },
          {
[...]
          "end": { "line": 135, "column": 5 }
        },
        "type": "if",
        "locations": [
          {
            "start": { "line": 133, "column": 4 },
            "end": { "line": 135, "column": 5 }
          },
          {
            "start": { "line": 133, "column": 4 },
            "end": { "line": 135, "column": 5 }
          }
        ],
        "line": 133
      },
      "15": {
        "loc": {
          "start": { "line": 139, "column": 4 },
          "end": { "line": 154, "column": 5 }
        },
        "type": "if",
        "locations": [
          {
            "start": { "line": 139, "column": 4 },
            "end": { "line": 154, "column": 5 }
          },
          {
            "start": { "line": 139, "column": 4 },
            "end": { "line": 154, "column": 5 }
          }
        ],
        "line": 139
      },
      "16": {
        "loc": {
          "start": { "line": 141, "column": 8 },
          "end": { "line": 143, "column": 9 }
        },
        "type": "if",
        "locations": [
          {
            "start": { "line": 141, "column": 8 },
            "end": { "line": 143, "column": 9 }
          },
          {
            "start": { "line": 141, "column": 8 },
            "end": { "line": 143, "column": 9 }
          }
        ],
        "line": 141
      },
      "17": {
        "loc": {
          "start": { "line": 146, "column": 12 },
          "end": { "line": 146, "column": 41 }
        },
        "type": "if",
        "locations": [
          {
            "start": { "line": 146, "column": 12 },
            "end": { "line": 146, "column": 41 }
          },
          {
            "start": { "line": 146, "column": 12 },
            "end": { "line": 146, "column": 41 }
          }
        ],
        "line": 146
      },
      "18": {
        "loc": {
          "start": { "line": 148, "column": 12 },
          "end": { "line": 150, "column": 13 }
        },
        "type": "if",
        "locations": [
          {
            "start": { "line": 148, "column": 12 },
            "end": { "line": 150, "column": 13 }
          },
          {
            "start": { "line": 148, "column": 12 },
            "end": { "line": 150, "column": 13 }
          }
        ],
        "line": 148
      },
      "19": {
        "loc": {
          "start": { "line": 196, "column": 2 },
          "end": { "line": 221, "column": 3 }
        },
        "type": "if",
        "locations": [
          {
            "start": { "line": 196, "column": 2 },
            "end": { "line": 221, "column": 3 }
          },
          {
            "start": { "line": 196, "column": 2 },
            "end": { "line": 221, "column": 3 }
          }
        ],
        "line": 196
      },
      "20": {
        "loc": {
          "start": { "line": 224, "column": 2 },
          "end": { "line": 228, "column": 3 }
        },
        "type": "if",
        "locations": [
          {
            "start": { "line": 224, "column": 2 },
            "end": { "line": 228, "column": 3 }
          },
          {
            "start": { "line": 224, "column": 2 },
            "end": { "line": 228, "column": 3 }
          }
        ],
        "line": 224
      },
      "21": {
        "loc": {
          "start": { "line": 232, "column": 2 },
          "end": { "line": 253, "column": 3 }
        },
        "type": "if",
        "locations": [
          {
            "start": { "line": 232, "column": 2 },
            "end": { "line": 253, "column": 3 }
          },
          {
            "start": { "line": 232, "column": 2 },
            "end": { "line": 253, "column": 3 }
          }
        ],
        "line": 232
      },
      "22": {
        "loc": {
          "start": { "line": 256, "column": 2 },
          "end": { "line": 260, "column": 3 }
        },
        "type": "if",
        "locations": [
          {
            "start": { "line": 256, "column": 2 },
            "end": { "line": 260, "column": 3 }
          },
          {
            "start": { "line": 256, "column": 2 },
            "end": { "line": 260, "column": 3 }
          }
        ],
        "line": 256
      },
      "23": {
        "loc": {
          "start": { "line": 263, "column": 2 },
          "end": { "line": 267, "column": 3 }
        },
        "type": "if",
        "locations": [
          {
            "start": { "line": 263, "column": 2 },
            "end": { "line": 267, "column": 3 }
          },
          {
            "start": { "line": 263, "column": 2 },
            "end": { "line": 267, "column": 3 }
          }
        ],
        "line": 263
      },
      "24": {
        "loc": {
          "start": { "line": 270, "column": 2 },
          "end": { "line": 274, "column": 3 }
        },
        "type": "if",
        "locations": [
          {
            "start": { "line": 270, "column": 2 },
            "end": { "line": 274, "column": 3 }
          },
          {
            "start": { "line": 270, "column": 2 },
            "end": { "line": 274, "column": 3 }
          }
        ],
        "line": 270
      },
      "25": {
        "loc": {
          "start": { "line": 277, "column": 2 },
          "end": { "line": 281, "column": 3 }
        },
        "type": "if",
        "locations": [
          {
            "start": { "line": 277, "column": 2 },
            "end": { "line": 281, "column": 3 }
          },
          {
            "start": { "line": 277, "column": 2 },
            "end": { "line": 281, "column": 3 }
          }
        ],
        "line": 277
      },
      "26": {
        "loc": {
          "start": { "line": 284, "column": 2 },
          "end": { "line": 288, "column": 3 }
        },
        "type": "if",
        "locations": [
          {
            "start": { "line": 284, "column": 2 },
            "end": { "line": 288, "column": 3 }
          },
          {
            "start": { "line": 284, "column": 2 },
            "end": { "line": 288, "column": 3 }
          }
        ],
        "line": 284
      },
      "27": {
        "loc": {
          "start": { "line": 290, "column": 2 },
          "end": { "line": 294, "column": 3 }
        },
        "type": "if",
        "locations": [
          {
            "start": { "line": 290, "column": 2 },
            "end": { "line": 294, "column": 3 }
          },
          {
            "start": { "line": 290, "column": 2 },
            "end": { "line": 294, "column": 3 }
          }
        ],
        "line": 290
      },
      "28": {
        "loc": {
          "start": { "line": 298, "column": 2 },
          "end": { "line": 303, "column": 3 }
        },
        "type": "if",
        "locations": [
          {
            "start": { "line": 298, "column": 2 },
            "end": { "line": 303, "column": 3 }
          },
          {
            "start": { "line": 298, "column": 2 },
            "end": { "line": 303, "column": 3 }
          }
        ],
        "line": 298
      },
      "29": {
        "loc": {
          "start": { "line": 304, "column": 2 },
          "end": { "line": 309, "column": 3 }
        },
        "type": "if",
        "locations": [
          {
            "start": { "line": 304, "column": 2 },
            "end": { "line": 309, "column": 3 }
          },
          {
            "start": { "line": 304, "column": 2 },
            "end": { "line": 309, "column": 3 }
          }
        ],
        "line": 304
      }
    },
    "s": {
      "0": 1,
      "1": 1,
      "2": 1,
      "3": 0,
      "4": 0,
      "5": 0,
      "6": 0,
      "7": 0,
      "8": 0,
      "9": 0,
      "10": 0,
      "11": 0,
      "12": 0,
      "13": 0,
      "14": 0,
      "15": 0,
      "16": 0,
      "17": 0,
      "18": 0,
      "19": 0,
      "20": 0,
      "21": 0,
      "22": 0,
      "23": 0,
      "24": 0,
      "25": 0,
      "26": 0,
      "27": 0,
      "28": 0,
      "29": 0,
      "30": 0,
      "31": 0,
      "32": 0,
      "33": 0,
      "34": 0,
      "35": 0,
      "36": 0,
      "37": 0,
      "38": 0,
      "39": 0,
      "40": 0,
      "41": 0,
      "42": 0,
      "43": 0,
      "44": 0,
      "45": 0,
      "46": 0,
      "47": 0,
      "48": 0,
      "49": 0,
      "50": 0,
      "51": 0,
      "52": 0,
      "53": 0,
      "54": 0,
      "55": 0,
      "56": 0,
      "57": 0,
      "58": 0,
      "59": 0,
      "60": 0,
      "61": 0,
      "62": 0,
      "63": 0,
      "64": 0,
      "65": 0,
      "66": 0,
      "67": 0,
      "68": 0,
      "69": 0,
      "70": 0,
      "71": 0,
      "72": 0,
      "73": 0,
      "74": 0,
      "75": 0,
      "76": 0,
      "77": 0,
      "78": 0,
      "79": 0,
      "80": 0,
      "81": 0,
      "82": 0,
      "83": 0,
      "84": 0,
      "85": 0,
      "86": 0,
      "87": 0,
      "88": 0,
      "89": 0,
      "90": 0,
      "91": 0,
      "92": 0
    },
    "f": {
      "0": 0,
      "1": 0,
      "2": 0,
      "3": 0,
      "4": 0,
      "5": 0,
      "6": 0,
      "7": 0,
      "8": 0,
      "9": 0,
      "10": 0,
      "11": 0,
      "12": 0,
      "13": 0,
      "14": 0
    },
    "b": {
      "0": [0, 0],
      "1": [0, 0],
      "2": [0, 0],
      "3": [0, 0],
      "4": [0, 0],
      "5": [0, 0],
      "6": [0, 0],
      "7": [0, 0],
      "8": [0, 0],
      "9": [0, 0],
      "10": [0, 0],
      "11": [0, 0],
      "12": [0, 0],
      "13": [0, 0, 0],
      "14": [0, 0],
      "15": [0, 0],
      "16": [0, 0],
      "17": [0, 0],
      "18": [0, 0],
      "19": [0, 0],
      "20": [0, 0],
      "21": [0, 0],
      "22": [0, 0],
      "23": [0, 0],
      "24": [0, 0],
      "25": [0, 0],
      "26": [0, 0],
      "27": [0, 0],
      "28": [0, 0],
      "29": [0, 0]
    },
    "_coverageSchema": "43e27e138ebf9cfc5966b082cf9a028302ed4184",
    "hash": "4cf6660a7145025ba119a6f063fe83965c3f725a",
    "contentHash": "fb64d61aa5f826996552211669c406b109edf57e48d5c5bb5166ceb83a46fd1a"
  },
  "/workspace/octokit/conta/routes/lib/cache.js": {
    "path": "/workspace/octokit/conta/routes/lib/cache.js",
    "statementMap": {
      "0": {
        "start": { "line": 7, "column": 4 },
        "end": { "line": 7, "column": 23 }
      },
      "1": {
        "start": { "line": 8, "column": 42 },
        "end": { "line": 8, "column": 57 }
      },
      "2": {
        "start": { "line": 10, "column": 18 },
        "end": { "line": 10, "column": 55 }
      },
      "3": {
        "start": { "line": 12, "column": 0 },
        "end": { "line": 42, "column": 2 }
      },
      "4": {
        "start": { "line": 14, "column": 4 },
        "end": { "line": 14, "column": 33 }
      },
      "5": {
        "start": { "line": 18, "column": 4 },
        "end": { "line": 18, "column": 58 }
      },
      "6": {
        "start": { "line": 22, "column": 4 },
        "end": { "line": 22, "column": 64 }
      },
      "7": {
        "start": { "line": 26, "column": 22 },
        "end": { "line": 26, "column": 56 }
      },
      "8": {
        "start": { "line": 27, "column": 4 },
        "end": { "line": 27, "column": 40 }
      },
      "9": {
        "start": { "line": 28, "column": 4 },
        "end": { "line": 28, "column": 38 }
      },
      "10": {
        "start": { "line": 32, "column": 4 },
        "end": { "line": 32, "column": 34 }
      },
      "11": {
        "start": { "line": 36, "column": 4 },
        "end": { "line": 36, "column": 56 }
      },
      "12": {
        "start": { "line": 40, "column": 4 },
        "end": { "line": 40, "column": 66 }
      },
      "13": {
        "start": { "line": 45, "column": 2 },
        "end": { "line": 45, "column": 60 }
      }
    },
    "fnMap": {
      "0": {
        "name": "(anonymous_0)",
        "decl": {
          "start": { "line": 13, "column": 2 },
          "end": { "line": 13, "column": 3 }
        },
        "loc": {
          "start": { "line": 13, "column": 26 },
          "end": { "line": 15, "column": 3 }
        },
        "line": 13
      },
      "1": {
        "name": "(anonymous_1)",
        "decl": {
          "start": { "line": 17, "column": 2 },
          "end": { "line": 17, "column": 3 }
        },
        "loc": {
          "start": { "line": 17, "column": 15 },
          "end": { "line": 19, "column": 3 }
        },
        "line": 17
      },
      "2": {
        "name": "(anonymous_2)",
        "decl": {
          "start": { "line": 21, "column": 2 },
          "end": { "line": 21, "column": 3 }
        },
        "loc": {
          "start": { "line": 21, "column": 13 },
          "end": { "line": 23, "column": 3 }
        },
        "line": 21
      },
      "3": {
        "name": "(anonymous_3)",
        "decl": {
          "start": { "line": 25, "column": 2 },
          "end": { "line": 25, "column": 3 }
        },
        "loc": {
          "start": { "line": 25, "column": 26 },
          "end": { "line": 29, "column": 3 }
        },
        "line": 25
      },
      "4": {
        "name": "(anonymous_4)",
        "decl": {
          "start": { "line": 31, "column": 2 },
          "end": { "line": 31, "column": 3 }
        },
        "loc": {
          "start": { "line": 31, "column": 24 },
          "end": { "line": 33, "column": 3 }
        },
        "line": 31
      },
      "5": {
        "name": "(anonymous_5)",
        "decl": {
          "start": { "line": 35, "column": 2 },
          "end": { "line": 35, "column": 3 }
        },
        "loc": {
          "start": { "line": 35, "column": 17 },
          "end": { "line": 37, "column": 3 }
        },
        "line": 35
      },
      "6": {
        "name": "(anonymous_6)",
        "decl": {
          "start": { "line": 39, "column": 2 },
          "end": { "line": 39, "column": 3 }
        },
        "loc": {
          "start": { "line": 39, "column": 24 },
          "end": { "line": 41, "column": 3 }
        },
        "line": 39
      },
      "7": {
        "name": "toCachePath",
        "decl": {
          "start": { "line": 44, "column": 9 },
          "end": { "line": 44, "column": 20 }
        },
        "loc": {
          "start": { "line": 44, "column": 35 },
          "end": { "line": 46, "column": 1 }
        },
        "line": 44
      }
    },
    "branchMap": {},
    "s": {
      "0": 1,
      "1": 1,
      "2": 1,
      "3": 1,
      "4": 1,
      "5": 0,
      "6": 1,
      "7": 0,
      "8": 0,
      "9": 0,
      "10": 0,
      "11": 0,
      "12": 0,
      "13": 1
    },
    "f": { "0": 1, "1": 0, "2": 1, "3": 0, "4": 0, "5": 0, "6": 0, "7": 1 },
    "b": {},
    "_coverageSchema": "43e27e138ebf9cfc5966b082cf9a028302ed4184",
    "hash": "1a67bc0322cbcdf22720d7b93af8eef900d8979c",
    "contentHash": "3cad1e544f9e156b1fe975ebb6274ac98834f04e90064498b820e3f1491f2e5b"
  },
  "/workspace/octokit/conta/routes/lib/landing-page/to-pages-json.js": {
    "path": "/workspace/octokit/conta/routes/lib/landing-page/to-pages-json.js",
    "statementMap": {
      "0": {
        "start": { "line": 1, "column": 0 },
        "end": { "line": 1, "column": 45 }
      },
      "1": {
        "start": { "line": 3, "column": 16 },
        "end": { "line": 3, "column": 34 }
      },
      "2": {
        "start": { "line": 6, "column": 12 },
        "end": { "line": 6, "column": 30 }
      },
      "3": {
        "start": { "line": 8, "column": 2 },
        "end": { "line": 40, "column": 79 }
      },
      "4": {
        "start": { "line": 10, "column": 19 },
        "end": { "line": 12, "column": 32 }
      },
      "5": {
        "start": { "line": 13, "column": 32 },
        "end": { "line": 13, "column": 47 }
      },
      "6": {
        "start": { "line": 15, "column": 21 },
        "end": { "line": 18, "column": 7 }
      },
      "7": {
        "start": { "line": 20, "column": 6 },
        "end": { "line": 22, "column": 7 }
      },
      "8": {
        "start": { "line": 21, "column": 8 },
        "end": { "line": 21, "column": 35 }
      },
      "9": {
        "start": { "line": 24, "column": 6 },
        "end": { "line": 24, "column": 20 }
      },
      "10": {
        "start": { "line": 29, "column": 6 },
        "end": { "line": 31, "column": 7 }
      },
      "11": {
        "start": { "line": 30, "column": 8 },
        "end": { "line": 30, "column": 15 }
      },
      "12": {
        "start": { "line": 34, "column": 6 },
        "end": { "line": 36, "column": 7 }
      },
      "13": {
        "start": { "line": 35, "column": 8 },
        "end": { "line": 35, "column": 15 }
      },
      "14": {
        "start": { "line": 38, "column": 6 },
        "end": { "line": 38, "column": 18 }
      },
      "15": {
        "start": { "line": 40, "column": 20 },
        "end": { "line": 40, "column": 77 }
      }
    },
    "fnMap": {
      "0": {
        "name": "landingPageHtmlToRoutesJson",
        "decl": {
          "start": { "line": 5, "column": 9 },
          "end": { "line": 5, "column": 36 }
        },
        "loc": {
          "start": { "line": 5, "column": 50 },
          "end": { "line": 41, "column": 1 }
        },
        "line": 5
      },
      "1": {
        "name": "(anonymous_1)",
        "decl": {
          "start": { "line": 9, "column": 9 },
          "end": { "line": 9, "column": 10 }
        },
        "loc": {
          "start": { "line": 9, "column": 20 },
          "end": { "line": 25, "column": 5 }
        },
        "line": 9
      },
      "2": {
        "name": "(anonymous_2)",
        "decl": {
          "start": { "line": 27, "column": 12 },
          "end": { "line": 27, "column": 13 }
        },
        "loc": {
          "start": { "line": 27, "column": 22 },
          "end": { "line": 39, "column": 5 }
        },
        "line": 27
      },
      "3": {
        "name": "(anonymous_3)",
        "decl": {
          "start": { "line": 40, "column": 10 },
          "end": { "line": 40, "column": 11 }
        },
        "loc": {
          "start": { "line": 40, "column": 20 },
          "end": { "line": 40, "column": 77 }
        },
        "line": 40
      }
    },
    "branchMap": {
      "0": {
        "loc": {
          "start": { "line": 20, "column": 6 },
          "end": { "line": 22, "column": 7 }
        },
        "type": "if",
        "locations": [
          {
            "start": { "line": 20, "column": 6 },
            "end": { "line": 22, "column": 7 }
          },
          {
            "start": { "line": 20, "column": 6 },
            "end": { "line": 22, "column": 7 }
          }
        ],
        "line": 20
      },
      "1": {
        "loc": {
          "start": { "line": 29, "column": 6 },
          "end": { "line": 31, "column": 7 }
        },
        "type": "if",
        "locations": [
          {
            "start": { "line": 29, "column": 6 },
            "end": { "line": 31, "column": 7 }
          },
          {
            "start": { "line": 29, "column": 6 },
            "end": { "line": 31, "column": 7 }
          }
        ],
        "line": 29
      },
      "2": {
        "loc": {
          "start": { "line": 34, "column": 6 },
          "end": { "line": 36, "column": 7 }
        },
        "type": "if",
        "locations": [
          {
            "start": { "line": 34, "column": 6 },
            "end": { "line": 36, "column": 7 }
          },
          {
            "start": { "line": 34, "column": 6 },
            "end": { "line": 36, "column": 7 }
          }
        ],
        "line": 34
      }
    },
    "s": {
      "0": 1,
      "1": 1,
      "2": 1,
      "3": 1,
      "4": 139,
      "5": 139,
      "6": 139,
      "7": 139,
      "8": 86,
      "9": 139,
      "10": 139,
      "11": 32,
      "12": 107,
      "13": 1,
      "14": 106,
      "15": 516
    },
    "f": { "0": 1, "1": 139, "2": 139, "3": 516 },
    "b": { "0": [86, 53], "1": [32, 107], "2": [1, 106] },
    "_coverageSchema": "43e27e138ebf9cfc5966b082cf9a028302ed4184",
    "hash": "05232bc9cb36055c50153069510f6e1126b6b9c3",
    "contentHash": "c9ee5645591db92b432c62ef3bcb493e4753e1e74e4ebc36115efbfe71abec15"
  }
}
