TN:
SF:src/each-installation.ts
FN:8,eachInstallationFactory
FN:14,eachInstallation
FN:27,eachInstallationIterator
FN:29,(anonymous_3)
FNF:4
FNH:4
FNDA:30,eachInstallationFactory
FNDA:1,eachInstallation
FNDA:3,eachInstallationIterator
FNDA:3,(anonymous_3)
DA:1,10
DA:6,10
DA:8,10
DA:9,30
DA:14,10
DA:18,1
DA:19,1
DA:20,1
DA:21,1
DA:23,1
DA:27,10
DA:28,3
DA:30,3
DA:35,3
DA:36,3
DA:37,3
DA:42,3
LF:17
LH:17
BRF:0
BRH:0
end_of_record
TN:
SF:src/each-repository.ts
FN:11,eachRepositoryFactory
FN:17,eachRepository
FN:38,singleInstallationIterator
FN:40,(anonymous_3)
FN:48,eachRepositoryIterator
FN:50,(anonymous_5)
FNF:6
FNH:6
FNDA:30,eachRepositoryFactory
FNDA:2,eachRepository
FNDA:1,singleInstallationIterator
FNDA:1,(anonymous_3)
FNDA:3,eachRepositoryIterator
FNDA:3,(anonymous_5)
DA:1,10
DA:11,10
DA:12,30
DA:17,10
DA:22,2
DA:26,2
DA:27,2
DA:28,2
DA:29,1
DA:31,1
DA:34,2
DA:39,1
DA:41,1
DA:48,10
DA:49,3
DA:51,3
DA:54,3
DA:55,3
DA:60,3
DA:61,3
DA:62,3
LF:21
LH:21
BRDA:24,0,0,1
BRDA:24,0,1,1
BRDA:28,1,0,1
BRDA:28,1,1,1
BRDA:52,2,0,1
BRDA:52,2,1,2
BRF:6
BRH:6
end_of_record
TN:
SF:src/get-installation-octokit.ts
FN:6,getInstallationOctokit
FN:10,(anonymous_1)
FNF:2
FNH:2
FNDA:6,getInstallationOctokit
FNDA:6,(anonymous_1)
DA:1,10
DA:6,10
DA:7,6
DA:11,6
DA:17,6
LF:5
LH:5
BRF:0
BRH:0
end_of_record
TN:
SF:src/index.ts
FN:71,(anonymous_0)
FN:96,(anonymous_1)
FN:97,(anonymous_2)
FN:110,(anonymous_3)
FN:125,(anonymous_4)
FN:34,(anonymous_5)
FN:39,(anonymous_6)
FN:146,(anonymous_7)
FNF:8
FNH:8
FNDA:30,(anonymous_0)
FNDA:1,(anonymous_1)
FNDA:1,(anonymous_2)
FNDA:1,(anonymous_3)
FNDA:1,(anonymous_4)
FNDA:1,(anonymous_5)
FNDA:1,(anonymous_6)
FNDA:8,(anonymous_7)
DA:1,10
DA:2,10
DA:3,10
DA:13,10
DA:14,10
DA:15,10
DA:16,10
DA:17,10
DA:31,10
DA:32,10
DA:38,1
DA:40,1
DA:47,1
DA:72,30
DA:75,30
DA:88,30
DA:94,30
DA:105,30
DA:107,28
DA:109,2
DA:111,1
DA:117,30
DA:118,28
DA:124,2
DA:126,1
DA:133,30
DA:137,30
DA:140,30
DA:146,18
LF:29
LH:29
BRDA:72,0,0,30
BRDA:72,0,1,17
BRDA:81,1,0,28
BRDA:81,1,1,2
BRDA:105,2,0,28
BRDA:105,2,1,2
BRDA:117,3,0,28
BRDA:117,3,1,2
BRF:8
BRH:8
end_of_record
TN:
SF:src/version.ts
FNF:0
FNH:0
DA:1,10
LF:1
LH:1
BRF:0
BRH:0
end_of_record
TN:
SF:src/webhooks.ts
FN:16,(anonymous_1)
FN:38,(anonymous_2)
FNF:2
FNH:2
FNDA:2,(anonymous_1)
FNDA:1,(anonymous_2)
DA:2,10
DA:3,10
DA:4,10
DA:8,10
DA:14,28
DA:17,2
DA:21,1
DA:28,1
DA:34,1
DA:35,1
DA:39,1
DA:52,1
LF:12
LH:12
BRDA:17,0,0,1
BRDA:17,0,1,1
BRDA:18,1,0,2
BRDA:18,1,1,1
BRF:4
BRH:4
end_of_record
TN:
SF:src/middleware/node/index.ts
FN:23,noop
FN:25,createNodeMiddleware
FN:63,middleware
FNF:3
FNH:3
FNDA:1,noop
FNDA:7,createNodeMiddleware
FNDA:7,middleware
DA:7,10
DA:8,10
DA:11,10
DA:25,10
DA:29,7
DA:39,7
DA:46,7
DA:52,7
DA:57,7
DA:63,10
DA:70,7
DA:72,7
DA:73,1
DA:75,6
DA:76,3
DA:79,3
DA:80,3
DA:82,2
DA:85,1
LF:19
LH:19
BRDA:27,0,0,5
BRDA:72,1,0,1
BRDA:72,1,1,6
BRDA:75,2,0,3
BRDA:75,2,1,3
BRDA:80,3,0,2
BRDA:80,3,1,1
BRF:7
BRH:7
end_of_record
TN:
SF:src/middleware/node/on-unhandled-request-default.ts
FN:7,onUnhandledRequestDefault
FNF:1
FNH:1
FNDA:1,onUnhandledRequestDefault
DA:7,10
DA:11,1
DA:14,1
LF:3
LH:3
BRF:0
BRH:0
end_of_record
